<?xml version="1.0" encoding="UTF-8"?>
<testsuite name="com.kovospace.paster.item.v2.unit.FilesystemOperationsServiceTest" tests="1" skipped="0" failures="0" errors="0" timestamp="2022-12-11T13:50:22" hostname="kovo-flex5" time="0.013">
  <properties/>
  <testcase name="testCreateEmptyFile()" classname="com.kovospace.paster.item.v2.unit.FilesystemOperationsServiceTest" time="0.013"/>
  <system-out><![CDATA[]]></system-out>
  <system-err><![CDATA[]]></system-err>
</testsuite>
