<?xml version="1.0" encoding="UTF-8"?>
<testsuite name="com.kovospace.paster.item.v2.integration.FileItemControllerContinueTest" tests="1" skipped="0" failures="0" errors="0" timestamp="2022-12-11T13:50:50" hostname="kovo-flex5" time="0.316">
  <properties/>
  <testcase name="resumeUploadTest()" classname="com.kovospace.paster.item.v2.integration.FileItemControllerContinueTest" time="0.316"/>
  <system-out><![CDATA[2022-12-11 14:50:49.373  INFO 52453 --- [    Test worker] .b.t.c.SpringBootTestContextBootstrapper : Neither @ContextConfiguration nor @ContextHierarchy found for test class [com.kovospace.paster.item.v2.integration.FileItemControllerContinueTest], using SpringBootContextLoader
2022-12-11 14:50:49.375  INFO 52453 --- [    Test worker] o.s.t.c.support.AbstractContextLoader    : Could not detect default resource locations for test class [com.kovospace.paster.item.v2.integration.FileItemControllerContinueTest]: no resource found for suffixes {-context.xml, Context.groovy}.
2022-12-11 14:50:49.375  INFO 52453 --- [    Test worker] t.c.s.AnnotationConfigContextLoaderUtils : Could not detect default configuration classes for test class [com.kovospace.paster.item.v2.integration.FileItemControllerContinueTest]: FileItemControllerContinueTest does not declare any static, non-private, non-final, nested classes annotated with @Configuration.
2022-12-11 14:50:49.377  INFO 52453 --- [    Test worker] .b.t.c.SpringBootTestContextBootstrapper : Found @SpringBootConfiguration com.kovospace.paster.PasterApplication for test class com.kovospace.paster.item.v2.integration.FileItemControllerContinueTest
2022-12-11 14:50:49.378  INFO 52453 --- [    Test worker] .b.t.c.SpringBootTestContextBootstrapper : Loaded default TestExecutionListener class names from location [META-INF/spring.factories]: [org.springframework.security.test.context.support.WithSecurityContextTestExecutionListener, org.springframework.security.test.context.support.ReactorContextTestExecutionListener, org.springframework.boot.test.autoconfigure.restdocs.RestDocsTestExecutionListener, org.springframework.boot.test.autoconfigure.web.client.MockRestServiceServerResetTestExecutionListener, org.springframework.boot.test.autoconfigure.web.servlet.MockMvcPrintOnlyOnFailureTestExecutionListener, org.springframework.boot.test.autoconfigure.web.servlet.WebDriverTestExecutionListener, org.springframework.boot.test.autoconfigure.webservices.client.MockWebServiceServerTestExecutionListener, org.springframework.boot.test.mock.mockito.MockitoTestExecutionListener, org.springframework.boot.test.mock.mockito.ResetMocksTestExecutionListener, org.springframework.test.context.web.ServletTestExecutionListener, org.springframework.test.context.support.DirtiesContextBeforeModesTestExecutionListener, org.springframework.test.context.event.ApplicationEventsTestExecutionListener, org.springframework.test.context.support.DependencyInjectionTestExecutionListener, org.springframework.test.context.support.DirtiesContextTestExecutionListener, org.springframework.test.context.transaction.TransactionalTestExecutionListener, org.springframework.test.context.jdbc.SqlScriptsTestExecutionListener, org.springframework.test.context.event.EventPublishingTestExecutionListener]
2022-12-11 14:50:49.379  INFO 52453 --- [    Test worker] .b.t.c.SpringBootTestContextBootstrapper : Using TestExecutionListeners: [org.springframework.test.context.web.ServletTestExecutionListener@698317b7, org.springframework.test.context.support.DirtiesContextBeforeModesTestExecutionListener@3f22eb94, org.springframework.test.context.event.ApplicationEventsTestExecutionListener@1f2abb88, org.springframework.boot.test.mock.mockito.MockitoTestExecutionListener@284c30c5, org.springframework.boot.test.autoconfigure.SpringBootDependencyInjectionTestExecutionListener@5903b4d4, org.springframework.test.context.support.DirtiesContextTestExecutionListener@71d59a2b, org.springframework.test.context.transaction.TransactionalTestExecutionListener@3be99962, org.springframework.test.context.jdbc.SqlScriptsTestExecutionListener@72ea5cc2, org.springframework.security.test.context.support.WithSecurityContextTestExecutionListener@368be35f, org.springframework.test.context.event.EventPublishingTestExecutionListener@6b523367, org.springframework.security.test.context.support.ReactorContextTestExecutionListener@1c8795e6, org.springframework.boot.test.autoconfigure.restdocs.RestDocsTestExecutionListener@3cabc6f8, org.springframework.boot.test.autoconfigure.web.client.MockRestServiceServerResetTestExecutionListener@55d35b29, org.springframework.boot.test.autoconfigure.web.servlet.MockMvcPrintOnlyOnFailureTestExecutionListener@2fe093ff, org.springframework.boot.test.autoconfigure.web.servlet.WebDriverTestExecutionListener@f680b40, org.springframework.boot.test.autoconfigure.webservices.client.MockWebServiceServerTestExecutionListener@6d169053, org.springframework.boot.test.mock.mockito.ResetMocksTestExecutionListener@22d394cb]

  .   ____          _            __ _ _
 /\\ / ___'_ __ _ _(_)_ __  __ _ \ \ \ \
( ( )\___ | '_ | '_| | '_ \/ _` | \ \ \ \
 \\/  ___)| |_)| | | | | || (_| |  ) ) ) )
  '  |____| .__|_| |_|_| |_\__, | / / / /
 =========|_|==============|___/=/_/_/_/
 :: Spring Boot ::                (v2.5.4)

2022-12-11 14:50:49.401  INFO 52453 --- [    Test worker] k.p.i.v.i.FileItemControllerContinueTest : Starting FileItemControllerContinueTest using Java 14.0.2 on kovo-flex5 with PID 52453 (started by matej in /home/matej/Dokumenty/PROJEKTY GitHub/paster-backend)
2022-12-11 14:50:49.402  INFO 52453 --- [    Test worker] k.p.i.v.i.FileItemControllerContinueTest : No active profile set, falling back to default profiles: default
2022-12-11 14:50:49.565  INFO 52453 --- [    Test worker] .s.d.r.c.RepositoryConfigurationDelegate : Bootstrapping Spring Data JPA repositories in DEFAULT mode.
2022-12-11 14:50:49.591  INFO 52453 --- [    Test worker] .s.d.r.c.RepositoryConfigurationDelegate : Finished Spring Data repository scanning in 25 ms. Found 5 JPA repository interfaces.
2022-12-11 14:50:49.618  INFO 52453 --- [    Test worker] beddedDataSourceBeanFactoryPostProcessor : Replacing 'dataSource' DataSource bean with embedded version
2022-12-11 14:50:49.753  INFO 52453 --- [    Test worker] o.s.b.w.embedded.tomcat.TomcatWebServer  : Tomcat initialized with port(s): 0 (http)
2022-12-11 14:50:49.754  INFO 52453 --- [    Test worker] o.apache.catalina.core.StandardService   : Starting service [Tomcat]
2022-12-11 14:50:49.754  INFO 52453 --- [    Test worker] org.apache.catalina.core.StandardEngine  : Starting Servlet engine: [Apache Tomcat/9.0.52]
2022-12-11 14:50:49.767  INFO 52453 --- [    Test worker] o.a.c.c.C.[Tomcat-1].[localhost].[/]     : Initializing Spring embedded WebApplicationContext
2022-12-11 14:50:49.767  INFO 52453 --- [    Test worker] w.s.c.ServletWebServerApplicationContext : Root WebApplicationContext: initialization completed in 363 ms
2022-12-11 14:50:49.808  INFO 52453 --- [    Test worker] o.s.j.d.e.EmbeddedDatabaseFactory        : Starting embedded database: url='jdbc:h2:mem:4b79da8c-e415-4dbb-8e8e-7756a040728f;DB_CLOSE_DELAY=-1;DB_CLOSE_ON_EXIT=false', username='sa'
2022-12-11 14:50:49.859  INFO 52453 --- [    Test worker] o.hibernate.jpa.internal.util.LogHelper  : HHH000204: Processing PersistenceUnitInfo [name: default]
2022-12-11 14:50:49.866  INFO 52453 --- [    Test worker] org.hibernate.dialect.Dialect            : HHH000400: Using dialect: org.hibernate.dialect.H2Dialect
2022-12-11 14:50:49.928  INFO 52453 --- [    Test worker] o.h.e.t.j.p.i.JtaPlatformInitiator       : HHH000490: Using JtaPlatform implementation: [org.hibernate.engine.transaction.jta.platform.internal.NoJtaPlatform]
2022-12-11 14:50:49.928  INFO 52453 --- [    Test worker] j.LocalContainerEntityManagerFactoryBean : Initialized JPA EntityManagerFactory for persistence unit 'default'
2022-12-11 14:50:50.092  WARN 52453 --- [    Test worker] JpaBaseConfiguration$JpaWebConfiguration : spring.jpa.open-in-view is enabled by default. Therefore, database queries may be performed during view rendering. Explicitly configure spring.jpa.open-in-view to disable this warning
2022-12-11 14:50:50.203  INFO 52453 --- [    Test worker] f.a.AutowiredAnnotationBeanPostProcessor : Autowired annotation is not supported on static fields: private static long com.kovospace.paster.item.mappings.dtoConversions.v2.ItemToFileItemUploadResponseDTOConversion.DEFAULT_CHUNK_SIZE
2022-12-11 14:50:50.261  INFO 52453 --- [    Test worker] .s.s.UserDetailsServiceAutoConfiguration : 

Using generated security password: 29782291-7337-4963-931c-02b39e58f17a

2022-12-11 14:50:50.452  INFO 52453 --- [    Test worker] o.s.s.web.DefaultSecurityFilterChain     : Will secure any request with [org.springframework.security.web.context.request.async.WebAsyncManagerIntegrationFilter@3002e369, org.springframework.security.web.context.SecurityContextPersistenceFilter@2ec92055, org.springframework.security.web.header.HeaderWriterFilter@5782d171, com.kovospace.paster.base.filters.SimpleCorsFilter@1fd2ccc9, org.springframework.web.filter.CorsFilter@a4f2880, org.springframework.security.web.authentication.logout.LogoutFilter@4348043d, org.springframework.security.web.savedrequest.RequestCacheAwareFilter@f38d208, org.springframework.security.web.servletapi.SecurityContextHolderAwareRequestFilter@4ef093c7, org.springframework.security.web.authentication.AnonymousAuthenticationFilter@e7716b4, org.springframework.security.web.session.SessionManagementFilter@6fc0b7c2, org.springframework.security.web.access.ExceptionTranslationFilter@6ca9bf23, org.springframework.security.web.access.intercept.FilterSecurityInterceptor@647f909e]
2022-12-11 14:50:50.460  INFO 52453 --- [    Test worker] o.s.s.web.DefaultSecurityFilterChain     : Will secure any request with [org.springframework.security.web.context.request.async.WebAsyncManagerIntegrationFilter@69e27947, org.springframework.security.web.context.SecurityContextPersistenceFilter@33c9cd04, org.springframework.security.web.header.HeaderWriterFilter@264afdb9, org.springframework.security.web.csrf.CsrfFilter@74a66551, org.springframework.security.web.authentication.logout.LogoutFilter@3d09e6c0, com.kovospace.paster.base.filters.ApiKeyAuthFilter@470c3703, org.springframework.security.web.savedrequest.RequestCacheAwareFilter@50f1df5f, org.springframework.security.web.servletapi.SecurityContextHolderAwareRequestFilter@212757cd, org.springframework.security.web.authentication.AnonymousAuthenticationFilter@4008b16f, org.springframework.security.web.session.SessionManagementFilter@7482b228, org.springframework.security.web.access.ExceptionTranslationFilter@46e4a7ed, org.springframework.security.web.access.intercept.FilterSecurityInterceptor@628b60f1]
2022-12-11 14:50:50.462  INFO 52453 --- [    Test worker] o.s.s.web.DefaultSecurityFilterChain     : Will secure any request with [org.springframework.security.web.context.request.async.WebAsyncManagerIntegrationFilter@1b00347a, org.springframework.security.web.context.SecurityContextPersistenceFilter@16ae94b3, org.springframework.security.web.header.HeaderWriterFilter@21fc0b93, org.springframework.security.web.csrf.CsrfFilter@330e2027, org.springframework.security.web.authentication.logout.LogoutFilter@22e6a020, com.kovospace.paster.base.filters.JwtAuthFilter@3c5ae18b, org.springframework.security.web.savedrequest.RequestCacheAwareFilter@498d362b, org.springframework.security.web.servletapi.SecurityContextHolderAwareRequestFilter@86c0c1a, org.springframework.security.web.authentication.AnonymousAuthenticationFilter@7be4ccae, org.springframework.security.web.session.SessionManagementFilter@54638900, org.springframework.security.web.access.ExceptionTranslationFilter@3ddc4401, org.springframework.security.web.access.intercept.FilterSecurityInterceptor@59b0c70e]
2022-12-11 14:50:50.719  INFO 52453 --- [    Test worker] o.a.c.c.C.[Tomcat-1].[localhost].[/]     : Initializing Spring TestDispatcherServlet ''
2022-12-11 14:50:50.720  INFO 52453 --- [    Test worker] o.s.t.web.servlet.TestDispatcherServlet  : Initializing Servlet ''
2022-12-11 14:50:50.720  INFO 52453 --- [    Test worker] o.s.t.web.servlet.TestDispatcherServlet  : Completed initialization in 0 ms
2022-12-11 14:50:50.738  INFO 52453 --- [    Test worker] o.s.b.w.embedded.tomcat.TomcatWebServer  : Tomcat started on port(s): 35539 (http) with context path ''
2022-12-11 14:50:50.741  INFO 52453 --- [    Test worker] k.p.i.v.i.FileItemControllerContinueTest : Started FileItemControllerContinueTest in 1.36 seconds (JVM running for 71.413)
cors filter called
localeeeeeeee
API key filter called
http://localhost/api/v2/board/file
API key filter - ipAddress: 127.0.0.1
API key filter - continue filterChain
JWT token filter called
cors filter called
localeeeeeeee
API key filter called
http://localhost/api/v2/board/file
API key filter - ipAddress: 127.0.0.1
API key filter - continue filterChain
JWT token filter called
cors filter called
localeeeeeeee
API key filter called
http://localhost/api/v2/board/file
API key filter - ipAddress: 127.0.0.1
API key filter - continue filterChain
JWT token filter called
cors filter called
localeeeeeeee
API key filter called
http://localhost/api/v2/board/file
API key filter - ipAddress: 127.0.0.1
API key filter - continue filterChain
JWT token filter called
cors filter called
localeeeeeeee
API key filter called
http://localhost/api/v2/board/file
API key filter - ipAddress: 127.0.0.1
API key filter - continue filterChain
JWT token filter called
2022-12-11 14:50:51.061  INFO 52453 --- [    Test worker] j.LocalContainerEntityManagerFactoryBean : Closing JPA EntityManagerFactory for persistence unit 'default'
2022-12-11 14:50:51.061  INFO 52453 --- [    Test worker] .SchemaDropperImpl$DelayedDropActionImpl : HHH000477: Starting delayed evictData of schema as part of SessionFactory shut-down'
]]></system-out>
  <system-err><![CDATA[]]></system-err>
</testsuite>
