<?xml version="1.0" encoding="UTF-8"?>
<testsuite name="com.kovospace.paster.item.v2.integration.v1compatibility.FileItemControllerDeleteV1CompatibilityTest" tests="1" skipped="0" failures="0" errors="0" timestamp="2022-12-11T13:50:44" hostname="kovo-flex5" time="0.301">
  <properties/>
  <testcase name="optimisticTest()" classname="com.kovospace.paster.item.v2.integration.v1compatibility.FileItemControllerDeleteV1CompatibilityTest" time="0.301"/>
  <system-out><![CDATA[2022-12-11 14:50:42.815  INFO 52453 --- [    Test worker] .b.t.c.SpringBootTestContextBootstrapper : Neither @ContextConfiguration nor @ContextHierarchy found for test class [com.kovospace.paster.item.v2.integration.v1compatibility.FileItemControllerDeleteV1CompatibilityTest], using SpringBootContextLoader
2022-12-11 14:50:42.816  INFO 52453 --- [    Test worker] o.s.t.c.support.AbstractContextLoader    : Could not detect default resource locations for test class [com.kovospace.paster.item.v2.integration.v1compatibility.FileItemControllerDeleteV1CompatibilityTest]: no resource found for suffixes {-context.xml, Context.groovy}.
2022-12-11 14:50:42.816  INFO 52453 --- [    Test worker] t.c.s.AnnotationConfigContextLoaderUtils : Could not detect default configuration classes for test class [com.kovospace.paster.item.v2.integration.v1compatibility.FileItemControllerDeleteV1CompatibilityTest]: FileItemControllerDeleteV1CompatibilityTest does not declare any static, non-private, non-final, nested classes annotated with @Configuration.
2022-12-11 14:50:42.822  INFO 52453 --- [    Test worker] .b.t.c.SpringBootTestContextBootstrapper : Found @SpringBootConfiguration com.kovospace.paster.PasterApplication for test class com.kovospace.paster.item.v2.integration.v1compatibility.FileItemControllerDeleteV1CompatibilityTest
2022-12-11 14:50:42.823  INFO 52453 --- [    Test worker] .b.t.c.SpringBootTestContextBootstrapper : Loaded default TestExecutionListener class names from location [META-INF/spring.factories]: [org.springframework.security.test.context.support.WithSecurityContextTestExecutionListener, org.springframework.security.test.context.support.ReactorContextTestExecutionListener, org.springframework.boot.test.autoconfigure.restdocs.RestDocsTestExecutionListener, org.springframework.boot.test.autoconfigure.web.client.MockRestServiceServerResetTestExecutionListener, org.springframework.boot.test.autoconfigure.web.servlet.MockMvcPrintOnlyOnFailureTestExecutionListener, org.springframework.boot.test.autoconfigure.web.servlet.WebDriverTestExecutionListener, org.springframework.boot.test.autoconfigure.webservices.client.MockWebServiceServerTestExecutionListener, org.springframework.boot.test.mock.mockito.MockitoTestExecutionListener, org.springframework.boot.test.mock.mockito.ResetMocksTestExecutionListener, org.springframework.test.context.web.ServletTestExecutionListener, org.springframework.test.context.support.DirtiesContextBeforeModesTestExecutionListener, org.springframework.test.context.event.ApplicationEventsTestExecutionListener, org.springframework.test.context.support.DependencyInjectionTestExecutionListener, org.springframework.test.context.support.DirtiesContextTestExecutionListener, org.springframework.test.context.transaction.TransactionalTestExecutionListener, org.springframework.test.context.jdbc.SqlScriptsTestExecutionListener, org.springframework.test.context.event.EventPublishingTestExecutionListener]
2022-12-11 14:50:42.824  INFO 52453 --- [    Test worker] .b.t.c.SpringBootTestContextBootstrapper : Using TestExecutionListeners: [org.springframework.test.context.web.ServletTestExecutionListener@183a8638, org.springframework.test.context.support.DirtiesContextBeforeModesTestExecutionListener@1a818137, org.springframework.test.context.event.ApplicationEventsTestExecutionListener@426b8c5e, org.springframework.boot.test.mock.mockito.MockitoTestExecutionListener@20f785ba, org.springframework.boot.test.autoconfigure.SpringBootDependencyInjectionTestExecutionListener@6c30ccda, org.springframework.test.context.support.DirtiesContextTestExecutionListener@7aae6052, org.springframework.test.context.transaction.TransactionalTestExecutionListener@64b90a25, org.springframework.test.context.jdbc.SqlScriptsTestExecutionListener@78ff995d, org.springframework.security.test.context.support.WithSecurityContextTestExecutionListener@12c3dc84, org.springframework.test.context.event.EventPublishingTestExecutionListener@1be6827e, org.springframework.security.test.context.support.ReactorContextTestExecutionListener@37225b05, org.springframework.boot.test.autoconfigure.restdocs.RestDocsTestExecutionListener@339309cd, org.springframework.boot.test.autoconfigure.web.client.MockRestServiceServerResetTestExecutionListener@3fb8d4c7, org.springframework.boot.test.autoconfigure.web.servlet.MockMvcPrintOnlyOnFailureTestExecutionListener@10e2543c, org.springframework.boot.test.autoconfigure.web.servlet.WebDriverTestExecutionListener@35bdcf56, org.springframework.boot.test.autoconfigure.webservices.client.MockWebServiceServerTestExecutionListener@1ecb754d, org.springframework.boot.test.mock.mockito.ResetMocksTestExecutionListener@672c94bf]

  .   ____          _            __ _ _
 /\\ / ___'_ __ _ _(_)_ __  __ _ \ \ \ \
( ( )\___ | '_ | '_| | '_ \/ _` | \ \ \ \
 \\/  ___)| |_)| | | | | || (_| |  ) ) ) )
  '  |____| .__|_| |_|_| |_\__, | / / / /
 =========|_|==============|___/=/_/_/_/
 :: Spring Boot ::                (v2.5.4)

2022-12-11 14:50:42.846  INFO 52453 --- [    Test worker] eItemControllerDeleteV1CompatibilityTest : Starting FileItemControllerDeleteV1CompatibilityTest using Java 14.0.2 on kovo-flex5 with PID 52453 (started by matej in /home/matej/Dokumenty/PROJEKTY GitHub/paster-backend)
2022-12-11 14:50:42.847  INFO 52453 --- [    Test worker] eItemControllerDeleteV1CompatibilityTest : No active profile set, falling back to default profiles: default
2022-12-11 14:50:43.015  INFO 52453 --- [    Test worker] .s.d.r.c.RepositoryConfigurationDelegate : Bootstrapping Spring Data JPA repositories in DEFAULT mode.
2022-12-11 14:50:43.043  INFO 52453 --- [    Test worker] .s.d.r.c.RepositoryConfigurationDelegate : Finished Spring Data repository scanning in 27 ms. Found 5 JPA repository interfaces.
2022-12-11 14:50:43.072  INFO 52453 --- [    Test worker] beddedDataSourceBeanFactoryPostProcessor : Replacing 'dataSource' DataSource bean with embedded version
2022-12-11 14:50:43.198  INFO 52453 --- [    Test worker] o.s.b.w.embedded.tomcat.TomcatWebServer  : Tomcat initialized with port(s): 0 (http)
2022-12-11 14:50:43.199  INFO 52453 --- [    Test worker] o.apache.catalina.core.StandardService   : Starting service [Tomcat]
2022-12-11 14:50:43.199  INFO 52453 --- [    Test worker] org.apache.catalina.core.StandardEngine  : Starting Servlet engine: [Apache Tomcat/9.0.52]
2022-12-11 14:50:43.212  INFO 52453 --- [    Test worker] o.a.c.c.C.[Tomcat-1].[localhost].[/]     : Initializing Spring embedded WebApplicationContext
2022-12-11 14:50:43.212  INFO 52453 --- [    Test worker] w.s.c.ServletWebServerApplicationContext : Root WebApplicationContext: initialization completed in 364 ms
2022-12-11 14:50:43.253  INFO 52453 --- [    Test worker] o.s.j.d.e.EmbeddedDatabaseFactory        : Starting embedded database: url='jdbc:h2:mem:cbe81d2b-0e78-4c45-824e-231cacdab6a7;DB_CLOSE_DELAY=-1;DB_CLOSE_ON_EXIT=false', username='sa'
2022-12-11 14:50:43.304  INFO 52453 --- [    Test worker] o.hibernate.jpa.internal.util.LogHelper  : HHH000204: Processing PersistenceUnitInfo [name: default]
2022-12-11 14:50:43.311  INFO 52453 --- [    Test worker] org.hibernate.dialect.Dialect            : HHH000400: Using dialect: org.hibernate.dialect.H2Dialect
2022-12-11 14:50:43.372  INFO 52453 --- [    Test worker] o.h.e.t.j.p.i.JtaPlatformInitiator       : HHH000490: Using JtaPlatform implementation: [org.hibernate.engine.transaction.jta.platform.internal.NoJtaPlatform]
2022-12-11 14:50:43.373  INFO 52453 --- [    Test worker] j.LocalContainerEntityManagerFactoryBean : Initialized JPA EntityManagerFactory for persistence unit 'default'
2022-12-11 14:50:43.535  WARN 52453 --- [    Test worker] JpaBaseConfiguration$JpaWebConfiguration : spring.jpa.open-in-view is enabled by default. Therefore, database queries may be performed during view rendering. Explicitly configure spring.jpa.open-in-view to disable this warning
2022-12-11 14:50:43.645  INFO 52453 --- [    Test worker] f.a.AutowiredAnnotationBeanPostProcessor : Autowired annotation is not supported on static fields: private static long com.kovospace.paster.item.mappings.dtoConversions.v2.ItemToFileItemUploadResponseDTOConversion.DEFAULT_CHUNK_SIZE
2022-12-11 14:50:43.700  INFO 52453 --- [    Test worker] .s.s.UserDetailsServiceAutoConfiguration : 

Using generated security password: 543cde45-1f84-4334-8d41-684c7fd8b647

2022-12-11 14:50:43.892  INFO 52453 --- [    Test worker] o.s.s.web.DefaultSecurityFilterChain     : Will secure any request with [org.springframework.security.web.context.request.async.WebAsyncManagerIntegrationFilter@7e208b3d, org.springframework.security.web.context.SecurityContextPersistenceFilter@7830d7dc, org.springframework.security.web.header.HeaderWriterFilter@23ff3a5b, com.kovospace.paster.base.filters.SimpleCorsFilter@76927f94, org.springframework.web.filter.CorsFilter@2695d28, org.springframework.security.web.authentication.logout.LogoutFilter@56b1efc7, org.springframework.security.web.savedrequest.RequestCacheAwareFilter@7d73b815, org.springframework.security.web.servletapi.SecurityContextHolderAwareRequestFilter@27047802, org.springframework.security.web.authentication.AnonymousAuthenticationFilter@650a8036, org.springframework.security.web.session.SessionManagementFilter@14a36d33, org.springframework.security.web.access.ExceptionTranslationFilter@2e357e79, org.springframework.security.web.access.intercept.FilterSecurityInterceptor@6ab02d81]
2022-12-11 14:50:43.901  INFO 52453 --- [    Test worker] o.s.s.web.DefaultSecurityFilterChain     : Will secure any request with [org.springframework.security.web.context.request.async.WebAsyncManagerIntegrationFilter@2f0a3e67, org.springframework.security.web.context.SecurityContextPersistenceFilter@fcf7272, org.springframework.security.web.header.HeaderWriterFilter@6ff1c174, org.springframework.security.web.csrf.CsrfFilter@d4cd180, org.springframework.security.web.authentication.logout.LogoutFilter@5c51a2fc, com.kovospace.paster.base.filters.ApiKeyAuthFilter@19eb7287, org.springframework.security.web.savedrequest.RequestCacheAwareFilter@ebc807d, org.springframework.security.web.servletapi.SecurityContextHolderAwareRequestFilter@6f271abf, org.springframework.security.web.authentication.AnonymousAuthenticationFilter@305f66b9, org.springframework.security.web.session.SessionManagementFilter@64e46fbf, org.springframework.security.web.access.ExceptionTranslationFilter@68bd29e7, org.springframework.security.web.access.intercept.FilterSecurityInterceptor@4506c8b1]
2022-12-11 14:50:43.902  INFO 52453 --- [    Test worker] o.s.s.web.DefaultSecurityFilterChain     : Will secure any request with [org.springframework.security.web.context.request.async.WebAsyncManagerIntegrationFilter@190bb613, org.springframework.security.web.context.SecurityContextPersistenceFilter@3653c650, org.springframework.security.web.header.HeaderWriterFilter@735c1724, org.springframework.security.web.csrf.CsrfFilter@c63504, org.springframework.security.web.authentication.logout.LogoutFilter@e143e2b, com.kovospace.paster.base.filters.JwtAuthFilter@60ad433c, org.springframework.security.web.savedrequest.RequestCacheAwareFilter@57288186, org.springframework.security.web.servletapi.SecurityContextHolderAwareRequestFilter@445e4970, org.springframework.security.web.authentication.AnonymousAuthenticationFilter@4dae427c, org.springframework.security.web.session.SessionManagementFilter@70cbda0, org.springframework.security.web.access.ExceptionTranslationFilter@4684e3c7, org.springframework.security.web.access.intercept.FilterSecurityInterceptor@64c438b1]
2022-12-11 14:50:44.155  INFO 52453 --- [    Test worker] o.a.c.c.C.[Tomcat-1].[localhost].[/]     : Initializing Spring TestDispatcherServlet ''
2022-12-11 14:50:44.155  INFO 52453 --- [    Test worker] o.s.t.web.servlet.TestDispatcherServlet  : Initializing Servlet ''
2022-12-11 14:50:44.156  INFO 52453 --- [    Test worker] o.s.t.web.servlet.TestDispatcherServlet  : Completed initialization in 1 ms
2022-12-11 14:50:44.174  INFO 52453 --- [    Test worker] o.s.b.w.embedded.tomcat.TomcatWebServer  : Tomcat started on port(s): 41375 (http) with context path ''
2022-12-11 14:50:44.178  INFO 52453 --- [    Test worker] eItemControllerDeleteV1CompatibilityTest : Started FileItemControllerDeleteV1CompatibilityTest in 1.351 seconds (JVM running for 64.849)
cors filter called
localeeeeeeee
API key filter called
http://localhost/api/v2/board/file
API key filter - ipAddress: 127.0.0.1
API key filter - continue filterChain
JWT token filter called
cors filter called
localeeeeeeee
API key filter called
http://localhost/api/v2/board/file
API key filter - ipAddress: 127.0.0.1
API key filter - continue filterChain
JWT token filter called
notify changes
1
[]
cors filter called
localeeeeeeee
API key filter called
http://localhost/api/v1/board/item/1
API key filter - ipAddress: 127.0.0.1
API key filter - continue filterChain
JWT token filter called
cors filter called
localeeeeeeee
API key filter called
http://localhost/api/v2/board/item/1
API key filter - ipAddress: 127.0.0.1
API key filter - continue filterChain
JWT token filter called
notify changes
1
[]
2022-12-11 14:50:44.483  INFO 52453 --- [    Test worker] j.LocalContainerEntityManagerFactoryBean : Closing JPA EntityManagerFactory for persistence unit 'default'
2022-12-11 14:50:44.483  INFO 52453 --- [    Test worker] .SchemaDropperImpl$DelayedDropActionImpl : HHH000477: Starting delayed evictData of schema as part of SessionFactory shut-down'
]]></system-out>
  <system-err><![CDATA[]]></system-err>
</testsuite>
