<?xml version="1.0" encoding="UTF-8"?>
<testsuite name="com.kovospace.paster.user.integration.UserControllerRegisterTest" tests="30" skipped="0" failures="0" errors="0" timestamp="2022-12-11T13:49:50" hostname="kovo-flex5" time="2.053">
  <properties/>
  <testcase name="endpointFound()" classname="com.kovospace.paster.user.integration.UserControllerRegisterTest" time="0.523"/>
  <testcase name="getRequestNotAllowed()" classname="com.kovospace.paster.user.integration.UserControllerRegisterTest" time="0.099"/>
  <testcase name="requestBodyEmpty()" classname="com.kovospace.paster.user.integration.UserControllerRegisterTest" time="0.029"/>
  <testcase name="requestBodyMalformed()" classname="com.kovospace.paster.user.integration.UserControllerRegisterTest" time="0.076"/>
  <testcase name="requestBodyWrongMediaType()" classname="com.kovospace.paster.user.integration.UserControllerRegisterTest" time="0.026"/>
  <testcase name="requestJsonEmpty()" classname="com.kovospace.paster.user.integration.UserControllerRegisterTest" time="0.128"/>
  <testcase name="usernameAndPasswordsAndEmailAndGdprNull()" classname="com.kovospace.paster.user.integration.UserControllerRegisterTest" time="0.035"/>
  <testcase name="usernameAndPasswordsAndEmailEmptyAndGdprFalse()" classname="com.kovospace.paster.user.integration.UserControllerRegisterTest" time="0.049"/>
  <testcase name="usernameNull()" classname="com.kovospace.paster.user.integration.UserControllerRegisterTest" time="0.029"/>
  <testcase name="usernameEmpty()" classname="com.kovospace.paster.user.integration.UserControllerRegisterTest" time="0.027"/>
  <testcase name="passwordNull()" classname="com.kovospace.paster.user.integration.UserControllerRegisterTest" time="0.028"/>
  <testcase name="passwordEmpty()" classname="com.kovospace.paster.user.integration.UserControllerRegisterTest" time="0.026"/>
  <testcase name="passwordConfirmationNull()" classname="com.kovospace.paster.user.integration.UserControllerRegisterTest" time="0.027"/>
  <testcase name="passwordConfirmationEmpty()" classname="com.kovospace.paster.user.integration.UserControllerRegisterTest" time="0.027"/>
  <testcase name="usernameIsJustSpaces()" classname="com.kovospace.paster.user.integration.UserControllerRegisterTest" time="0.028"/>
  <testcase name="passwordIsJustSpaces()" classname="com.kovospace.paster.user.integration.UserControllerRegisterTest" time="0.031"/>
  <testcase name="passwordConfirmationIsJustSpaces()" classname="com.kovospace.paster.user.integration.UserControllerRegisterTest" time="0.026"/>
  <testcase name="usernameStartOrEndsWithSpace()" classname="com.kovospace.paster.user.integration.UserControllerRegisterTest" time="0.087"/>
  <testcase name="usernameWithOnlySpaces()" classname="com.kovospace.paster.user.integration.UserControllerRegisterTest" time="0.025"/>
  <testcase name="usernameWithSpace()" classname="com.kovospace.paster.user.integration.UserControllerRegisterTest" time="0.025"/>
  <testcase name="usernameContainsNotAllowedChars()" classname="com.kovospace.paster.user.integration.UserControllerRegisterTest" time="0.025"/>
  <testcase name="passwordShort()" classname="com.kovospace.paster.user.integration.UserControllerRegisterTest" time="0.025"/>
  <testcase name="passwordStartsOrEndsWithSpace()" classname="com.kovospace.paster.user.integration.UserControllerRegisterTest" time="0.065"/>
  <testcase name="passwordAndConfirmationDidNotMatch()" classname="com.kovospace.paster.user.integration.UserControllerRegisterTest" time="0.025"/>
  <testcase name="usernameAlreadyTaken()" classname="com.kovospace.paster.user.integration.UserControllerRegisterTest" time="0.242"/>
  <testcase name="userEmailNull()" classname="com.kovospace.paster.user.integration.UserControllerRegisterTest" time="0.024"/>
  <testcase name="userEmailEmpty()" classname="com.kovospace.paster.user.integration.UserControllerRegisterTest" time="0.024"/>
  <testcase name="emailTests()" classname="com.kovospace.paster.user.integration.UserControllerRegisterTest" time="0.157"/>
  <testcase name="gdprIsNull()" classname="com.kovospace.paster.user.integration.UserControllerRegisterTest" time="0.022"/>
  <testcase name="gdprNotAccepted()" classname="com.kovospace.paster.user.integration.UserControllerRegisterTest" time="0.022"/>
  <system-out><![CDATA[14:49:40.997 [Test worker] DEBUG org.springframework.test.context.BootstrapUtils - Instantiating CacheAwareContextLoaderDelegate from class [org.springframework.test.context.cache.DefaultCacheAwareContextLoaderDelegate]
14:49:41.020 [Test worker] DEBUG org.springframework.test.context.BootstrapUtils - Instantiating BootstrapContext using constructor [public org.springframework.test.context.support.DefaultBootstrapContext(java.lang.Class,org.springframework.test.context.CacheAwareContextLoaderDelegate)]
14:49:41.093 [Test worker] DEBUG org.springframework.test.context.BootstrapUtils - Instantiating TestContextBootstrapper for test class [com.kovospace.paster.user.integration.UserControllerRegisterTest] from class [org.springframework.boot.test.context.SpringBootTestContextBootstrapper]
14:49:41.111 [Test worker] INFO org.springframework.boot.test.context.SpringBootTestContextBootstrapper - Neither @ContextConfiguration nor @ContextHierarchy found for test class [com.kovospace.paster.user.integration.UserControllerRegisterTest], using SpringBootContextLoader
14:49:41.117 [Test worker] DEBUG org.springframework.test.context.support.AbstractContextLoader - Did not detect default resource location for test class [com.kovospace.paster.user.integration.UserControllerRegisterTest]: class path resource [com/kovospace/paster/user/integration/UserControllerRegisterTest-context.xml] does not exist
14:49:41.118 [Test worker] DEBUG org.springframework.test.context.support.AbstractContextLoader - Did not detect default resource location for test class [com.kovospace.paster.user.integration.UserControllerRegisterTest]: class path resource [com/kovospace/paster/user/integration/UserControllerRegisterTestContext.groovy] does not exist
14:49:41.119 [Test worker] INFO org.springframework.test.context.support.AbstractContextLoader - Could not detect default resource locations for test class [com.kovospace.paster.user.integration.UserControllerRegisterTest]: no resource found for suffixes {-context.xml, Context.groovy}.
14:49:41.120 [Test worker] DEBUG org.springframework.test.context.support.AnnotationConfigContextLoaderUtils - Ignoring class [com.kovospace.paster.user.integration.UserControllerRegisterTest$UserRegisterDtoPreparer]; it must be static, non-private, non-final, and annotated with @Configuration to be considered a default configuration class.
14:49:41.121 [Test worker] INFO org.springframework.test.context.support.AnnotationConfigContextLoaderUtils - Could not detect default configuration classes for test class [com.kovospace.paster.user.integration.UserControllerRegisterTest]: UserControllerRegisterTest does not declare any static, non-private, non-final, nested classes annotated with @Configuration.
14:49:41.229 [Test worker] DEBUG org.springframework.test.context.support.ActiveProfilesUtils - Could not find an 'annotation declaring class' for annotation type [org.springframework.test.context.ActiveProfiles] and class [com.kovospace.paster.user.integration.UserControllerRegisterTest]
14:49:41.336 [Test worker] DEBUG org.springframework.context.annotation.ClassPathScanningCandidateComponentProvider - Identified candidate component class: file [/home/matej/Dokumenty/PROJEKTY GitHub/paster-backend/build/classes/java/main/com/kovospace/paster/PasterApplication.class]
14:49:41.338 [Test worker] INFO org.springframework.boot.test.context.SpringBootTestContextBootstrapper - Found @SpringBootConfiguration com.kovospace.paster.PasterApplication for test class com.kovospace.paster.user.integration.UserControllerRegisterTest
14:49:41.502 [Test worker] DEBUG org.springframework.boot.test.context.SpringBootTestContextBootstrapper - @TestExecutionListeners is not present for class [com.kovospace.paster.user.integration.UserControllerRegisterTest]: using defaults.
14:49:41.504 [Test worker] INFO org.springframework.boot.test.context.SpringBootTestContextBootstrapper - Loaded default TestExecutionListener class names from location [META-INF/spring.factories]: [org.springframework.security.test.context.support.WithSecurityContextTestExecutionListener, org.springframework.security.test.context.support.ReactorContextTestExecutionListener, org.springframework.boot.test.autoconfigure.restdocs.RestDocsTestExecutionListener, org.springframework.boot.test.autoconfigure.web.client.MockRestServiceServerResetTestExecutionListener, org.springframework.boot.test.autoconfigure.web.servlet.MockMvcPrintOnlyOnFailureTestExecutionListener, org.springframework.boot.test.autoconfigure.web.servlet.WebDriverTestExecutionListener, org.springframework.boot.test.autoconfigure.webservices.client.MockWebServiceServerTestExecutionListener, org.springframework.boot.test.mock.mockito.MockitoTestExecutionListener, org.springframework.boot.test.mock.mockito.ResetMocksTestExecutionListener, org.springframework.test.context.web.ServletTestExecutionListener, org.springframework.test.context.support.DirtiesContextBeforeModesTestExecutionListener, org.springframework.test.context.event.ApplicationEventsTestExecutionListener, org.springframework.test.context.support.DependencyInjectionTestExecutionListener, org.springframework.test.context.support.DirtiesContextTestExecutionListener, org.springframework.test.context.transaction.TransactionalTestExecutionListener, org.springframework.test.context.jdbc.SqlScriptsTestExecutionListener, org.springframework.test.context.event.EventPublishingTestExecutionListener]
14:49:41.534 [Test worker] INFO org.springframework.boot.test.context.SpringBootTestContextBootstrapper - Using TestExecutionListeners: [org.springframework.test.context.web.ServletTestExecutionListener@53b4b09c, org.springframework.test.context.support.DirtiesContextBeforeModesTestExecutionListener@16cc78be, org.springframework.test.context.event.ApplicationEventsTestExecutionListener@63a1ee22, org.springframework.boot.test.mock.mockito.MockitoTestExecutionListener@141e75ec, org.springframework.boot.test.autoconfigure.SpringBootDependencyInjectionTestExecutionListener@62d817a3, org.springframework.test.context.support.DirtiesContextTestExecutionListener@17248ace, org.springframework.test.context.transaction.TransactionalTestExecutionListener@7b18a6f6, org.springframework.test.context.jdbc.SqlScriptsTestExecutionListener@1c4e1d6c, org.springframework.security.test.context.support.WithSecurityContextTestExecutionListener@3e097449, org.springframework.test.context.event.EventPublishingTestExecutionListener@d48fbbc, org.springframework.security.test.context.support.ReactorContextTestExecutionListener@3359c3f5, org.springframework.boot.test.autoconfigure.restdocs.RestDocsTestExecutionListener@5f901d8f, org.springframework.boot.test.autoconfigure.web.client.MockRestServiceServerResetTestExecutionListener@2a4e8108, org.springframework.boot.test.autoconfigure.web.servlet.MockMvcPrintOnlyOnFailureTestExecutionListener@60910ae6, org.springframework.boot.test.autoconfigure.web.servlet.WebDriverTestExecutionListener@1d2a2b6a, org.springframework.boot.test.autoconfigure.webservices.client.MockWebServiceServerTestExecutionListener@42892125, org.springframework.boot.test.mock.mockito.ResetMocksTestExecutionListener@1c91aebd]
14:49:41.539 [Test worker] DEBUG org.springframework.test.context.support.AbstractDirtiesContextTestExecutionListener - Before test class: context [DefaultTestContext@25ee7258 testClass = UserControllerRegisterTest, testInstance = [null], testMethod = [null], testException = [null], mergedContextConfiguration = [WebMergedContextConfiguration@755d2fda testClass = UserControllerRegisterTest, locations = '{}', classes = '{class com.kovospace.paster.PasterApplication}', contextInitializerClasses = '[]', activeProfiles = '{}', propertySourceLocations = '{}', propertySourceProperties = '{org.springframework.boot.test.context.SpringBootTestContextBootstrapper=true, server.port=0}', contextCustomizers = set[org.springframework.boot.test.autoconfigure.actuate.metrics.MetricsExportContextCustomizerFactory$DisableMetricExportContextCustomizer@7bdea501, org.springframework.boot.test.autoconfigure.properties.PropertyMappingContextCustomizer@427e3d3d, org.springframework.boot.test.autoconfigure.web.servlet.WebDriverContextCustomizerFactory$Customizer@58eb1041, [ImportsContextCustomizer@274c27e3 key = [org.springframework.boot.test.autoconfigure.web.servlet.MockMvcAutoConfiguration, org.springframework.boot.test.autoconfigure.web.servlet.MockMvcWebClientAutoConfiguration, org.springframework.boot.test.autoconfigure.web.servlet.MockMvcWebDriverAutoConfiguration, org.springframework.boot.autoconfigure.security.oauth2.client.servlet.OAuth2ClientAutoConfiguration, org.springframework.boot.autoconfigure.security.oauth2.resource.servlet.OAuth2ResourceServerAutoConfiguration, org.springframework.boot.autoconfigure.security.servlet.SecurityAutoConfiguration, org.springframework.boot.autoconfigure.security.servlet.SecurityFilterAutoConfiguration, org.springframework.boot.autoconfigure.security.servlet.UserDetailsServiceAutoConfiguration, org.springframework.boot.test.autoconfigure.web.servlet.MockMvcSecurityConfiguration, org.springframework.boot.test.autoconfigure.jdbc.TestDatabaseAutoConfiguration, org.springframework.boot.autoconfigure.jdbc.DataSourceAutoConfiguration]], org.springframework.boot.test.context.filter.ExcludeFilterContextCustomizer@3b905f0b, org.springframework.boot.test.json.DuplicateJsonObjectContextCustomizerFactory$DuplicateJsonObjectContextCustomizer@15dedbc4, org.springframework.boot.test.mock.mockito.MockitoContextCustomizer@192a1b04, org.springframework.boot.test.web.client.TestRestTemplateContextCustomizer@5bdc09bb, org.springframework.boot.test.context.SpringBootTestArgs@1, org.springframework.boot.test.context.SpringBootTestWebEnvironment@2c854213], resourceBasePath = 'src/main/webapp', contextLoader = 'org.springframework.boot.test.context.SpringBootContextLoader', parent = [null]], attributes = map['org.springframework.test.context.web.ServletTestExecutionListener.activateListener' -> false]], class annotated with @DirtiesContext [false] with mode [null].
14:49:41.602 [Test worker] DEBUG org.springframework.test.context.support.TestPropertySourceUtils - Adding inlined properties to environment: {spring.jmx.enabled=false, org.springframework.boot.test.context.SpringBootTestContextBootstrapper=true, server.port=0}

  .   ____          _            __ _ _
 /\\ / ___'_ __ _ _(_)_ __  __ _ \ \ \ \
( ( )\___ | '_ | '_| | '_ \/ _` | \ \ \ \
 \\/  ___)| |_)| | | | | || (_| |  ) ) ) )
  '  |____| .__|_| |_|_| |_\__, | / / / /
 =========|_|==============|___/=/_/_/_/
 :: Spring Boot ::                (v2.5.4)

2022-12-11 14:49:42.106  INFO 52453 --- [    Test worker] c.k.p.u.i.UserControllerRegisterTest     : Starting UserControllerRegisterTest using Java 14.0.2 on kovo-flex5 with PID 52453 (started by matej in /home/matej/Dokumenty/PROJEKTY GitHub/paster-backend)
2022-12-11 14:49:42.110  INFO 52453 --- [    Test worker] c.k.p.u.i.UserControllerRegisterTest     : No active profile set, falling back to default profiles: default
2022-12-11 14:49:43.451  INFO 52453 --- [    Test worker] .s.d.r.c.RepositoryConfigurationDelegate : Bootstrapping Spring Data JPA repositories in DEFAULT mode.
2022-12-11 14:49:43.588  INFO 52453 --- [    Test worker] .s.d.r.c.RepositoryConfigurationDelegate : Finished Spring Data repository scanning in 125 ms. Found 5 JPA repository interfaces.
2022-12-11 14:49:43.794  INFO 52453 --- [    Test worker] beddedDataSourceBeanFactoryPostProcessor : Replacing 'dataSource' DataSource bean with embedded version
2022-12-11 14:49:45.593  INFO 52453 --- [    Test worker] o.s.b.w.embedded.tomcat.TomcatWebServer  : Tomcat initialized with port(s): 0 (http)
2022-12-11 14:49:45.615  INFO 52453 --- [    Test worker] o.apache.catalina.core.StandardService   : Starting service [Tomcat]
2022-12-11 14:49:45.616  INFO 52453 --- [    Test worker] org.apache.catalina.core.StandardEngine  : Starting Servlet engine: [Apache Tomcat/9.0.52]
2022-12-11 14:49:45.788  INFO 52453 --- [    Test worker] o.a.c.c.C.[Tomcat].[localhost].[/]       : Initializing Spring embedded WebApplicationContext
2022-12-11 14:49:45.788  INFO 52453 --- [    Test worker] w.s.c.ServletWebServerApplicationContext : Root WebApplicationContext: initialization completed in 3650 ms
2022-12-11 14:49:45.911  INFO 52453 --- [    Test worker] o.s.j.d.e.EmbeddedDatabaseFactory        : Starting embedded database: url='jdbc:h2:mem:5e0ae393-9489-41f2-8b85-cc43f829b198;DB_CLOSE_DELAY=-1;DB_CLOSE_ON_EXIT=false', username='sa'
2022-12-11 14:49:46.422  INFO 52453 --- [    Test worker] o.hibernate.jpa.internal.util.LogHelper  : HHH000204: Processing PersistenceUnitInfo [name: default]
2022-12-11 14:49:46.506  INFO 52453 --- [    Test worker] org.hibernate.Version                    : HHH000412: Hibernate ORM core version 5.4.32.Final
2022-12-11 14:49:46.566  INFO 52453 --- [    Test worker] o.hibernate.annotations.common.Version   : HCANN000001: Hibernate Commons Annotations {5.1.2.Final}
2022-12-11 14:49:46.778  INFO 52453 --- [    Test worker] org.hibernate.dialect.Dialect            : HHH000400: Using dialect: org.hibernate.dialect.H2Dialect
2022-12-11 14:49:47.818  INFO 52453 --- [    Test worker] o.h.e.t.j.p.i.JtaPlatformInitiator       : HHH000490: Using JtaPlatform implementation: [org.hibernate.engine.transaction.jta.platform.internal.NoJtaPlatform]
2022-12-11 14:49:47.831  INFO 52453 --- [    Test worker] j.LocalContainerEntityManagerFactoryBean : Initialized JPA EntityManagerFactory for persistence unit 'default'
2022-12-11 14:49:48.677  WARN 52453 --- [    Test worker] JpaBaseConfiguration$JpaWebConfiguration : spring.jpa.open-in-view is enabled by default. Therefore, database queries may be performed during view rendering. Explicitly configure spring.jpa.open-in-view to disable this warning
2022-12-11 14:49:49.055  INFO 52453 --- [    Test worker] f.a.AutowiredAnnotationBeanPostProcessor : Autowired annotation is not supported on static fields: private static long com.kovospace.paster.item.mappings.dtoConversions.v2.ItemToFileItemUploadResponseDTOConversion.DEFAULT_CHUNK_SIZE
2022-12-11 14:49:49.285  INFO 52453 --- [    Test worker] .s.s.UserDetailsServiceAutoConfiguration : 

Using generated security password: 2169a10a-6c02-4543-ac85-4009b8d35b71

2022-12-11 14:49:49.851  INFO 52453 --- [    Test worker] o.s.s.web.DefaultSecurityFilterChain     : Will secure any request with [org.springframework.security.web.context.request.async.WebAsyncManagerIntegrationFilter@285ce442, org.springframework.security.web.context.SecurityContextPersistenceFilter@7229156f, org.springframework.security.web.header.HeaderWriterFilter@70d77461, com.kovospace.paster.base.filters.SimpleCorsFilter@3f35051e, org.springframework.web.filter.CorsFilter@1a56fa42, org.springframework.security.web.authentication.logout.LogoutFilter@1d3f7472, org.springframework.security.web.savedrequest.RequestCacheAwareFilter@6e1a6f80, org.springframework.security.web.servletapi.SecurityContextHolderAwareRequestFilter@804b6dc, org.springframework.security.web.authentication.AnonymousAuthenticationFilter@6c3291a9, org.springframework.security.web.session.SessionManagementFilter@5b3b7e15, org.springframework.security.web.access.ExceptionTranslationFilter@32d391, org.springframework.security.web.access.intercept.FilterSecurityInterceptor@606915d3]
2022-12-11 14:49:49.874  INFO 52453 --- [    Test worker] o.s.s.web.DefaultSecurityFilterChain     : Will secure any request with [org.springframework.security.web.context.request.async.WebAsyncManagerIntegrationFilter@63ed482c, org.springframework.security.web.context.SecurityContextPersistenceFilter@388b3370, org.springframework.security.web.header.HeaderWriterFilter@75c7db0e, org.springframework.security.web.csrf.CsrfFilter@4252e8e5, org.springframework.security.web.authentication.logout.LogoutFilter@1b70bafe, com.kovospace.paster.base.filters.ApiKeyAuthFilter@11e3966, org.springframework.security.web.savedrequest.RequestCacheAwareFilter@2045b098, org.springframework.security.web.servletapi.SecurityContextHolderAwareRequestFilter@6b910035, org.springframework.security.web.authentication.AnonymousAuthenticationFilter@1b1e7fe9, org.springframework.security.web.session.SessionManagementFilter@15d09a30, org.springframework.security.web.access.ExceptionTranslationFilter@20871a3b, org.springframework.security.web.access.intercept.FilterSecurityInterceptor@6f3f295b]
2022-12-11 14:49:49.879  INFO 52453 --- [    Test worker] o.s.s.web.DefaultSecurityFilterChain     : Will secure any request with [org.springframework.security.web.context.request.async.WebAsyncManagerIntegrationFilter@5e7ead74, org.springframework.security.web.context.SecurityContextPersistenceFilter@69ead2e9, org.springframework.security.web.header.HeaderWriterFilter@4fde47e3, org.springframework.security.web.csrf.CsrfFilter@4520002b, org.springframework.security.web.authentication.logout.LogoutFilter@6efaa949, com.kovospace.paster.base.filters.JwtAuthFilter@613a7030, org.springframework.security.web.savedrequest.RequestCacheAwareFilter@35437577, org.springframework.security.web.servletapi.SecurityContextHolderAwareRequestFilter@89fcd63, org.springframework.security.web.authentication.AnonymousAuthenticationFilter@128b1251, org.springframework.security.web.session.SessionManagementFilter@2c0ebe1b, org.springframework.security.web.access.ExceptionTranslationFilter@90abffc, org.springframework.security.web.access.intercept.FilterSecurityInterceptor@18d4b2e1]
2022-12-11 14:49:50.586  INFO 52453 --- [    Test worker] o.a.c.c.C.[Tomcat].[localhost].[/]       : Initializing Spring TestDispatcherServlet ''
2022-12-11 14:49:50.586  INFO 52453 --- [    Test worker] o.s.t.web.servlet.TestDispatcherServlet  : Initializing Servlet ''
2022-12-11 14:49:50.589  INFO 52453 --- [    Test worker] o.s.t.web.servlet.TestDispatcherServlet  : Completed initialization in 2 ms
2022-12-11 14:49:50.687  INFO 52453 --- [    Test worker] o.s.b.w.embedded.tomcat.TomcatWebServer  : Tomcat started on port(s): 34127 (http) with context path ''
2022-12-11 14:49:50.705  INFO 52453 --- [    Test worker] c.k.p.u.i.UserControllerRegisterTest     : Started UserControllerRegisterTest in 9.099 seconds (JVM running for 11.377)
cors filter called
localeeeeeeee
API key filter called
http://localhost/api/v1/user/register
API key filter - ipAddress: 127.0.0.1
API key filter - continue filterChain
JWT token filter called
cors filter called
localeeeeeeee
API key filter called
http://localhost/api/v1/user/register
API key filter - ipAddress: 127.0.0.1
API key filter - continue filterChain
JWT token filter called
cors filter called
localeeeeeeee
API key filter called
http://localhost/api/v1/user/register
API key filter - ipAddress: 127.0.0.1
API key filter - continue filterChain
JWT token filter called
cors filter called
localeeeeeeee
API key filter called
http://localhost/api/v1/user/register
API key filter - ipAddress: 127.0.0.1
API key filter - continue filterChain
JWT token filter called
cors filter called
localeeeeeeee
API key filter called
http://localhost/api/v1/user/register
API key filter - ipAddress: 127.0.0.1
API key filter - continue filterChain
JWT token filter called
2022-12-11 14:49:51.480  WARN 52453 --- [    Test worker] .w.s.m.s.DefaultHandlerExceptionResolver : Resolved [org.springframework.web.HttpMediaTypeNotSupportedException: Content type 'application/octet-stream' not supported]
cors filter called
localeeeeeeee
API key filter called
http://localhost/api/v1/user/register
API key filter - ipAddress: 127.0.0.1
API key filter - continue filterChain
JWT token filter called
cors filter called
localeeeeeeee
API key filter called
http://localhost/api/v1/user/register
API key filter - ipAddress: 127.0.0.1
API key filter - continue filterChain
JWT token filter called
cors filter called
localeeeeeeee
API key filter called
http://localhost/api/v1/user/register
API key filter - ipAddress: 127.0.0.1
API key filter - continue filterChain
JWT token filter called
cors filter called
localeeeeeeee
API key filter called
http://localhost/api/v1/user/register
API key filter - ipAddress: 127.0.0.1
API key filter - continue filterChain
JWT token filter called
cors filter called
localeeeeeeee
API key filter called
http://localhost/api/v1/user/register
API key filter - ipAddress: 127.0.0.1
API key filter - continue filterChain
JWT token filter called
cors filter called
localeeeeeeee
API key filter called
http://localhost/api/v1/user/register
API key filter - ipAddress: 127.0.0.1
API key filter - continue filterChain
JWT token filter called
cors filter called
localeeeeeeee
API key filter called
http://localhost/api/v1/user/register
API key filter - ipAddress: 127.0.0.1
API key filter - continue filterChain
JWT token filter called
cors filter called
localeeeeeeee
API key filter called
http://localhost/api/v1/user/register
API key filter - ipAddress: 127.0.0.1
API key filter - continue filterChain
JWT token filter called
cors filter called
localeeeeeeee
API key filter called
http://localhost/api/v1/user/register
API key filter - ipAddress: 127.0.0.1
API key filter - continue filterChain
JWT token filter called
cors filter called
localeeeeeeee
API key filter called
http://localhost/api/v1/user/register
API key filter - ipAddress: 127.0.0.1
API key filter - continue filterChain
JWT token filter called
cors filter called
localeeeeeeee
API key filter called
http://localhost/api/v1/user/register
API key filter - ipAddress: 127.0.0.1
API key filter - continue filterChain
JWT token filter called
cors filter called
localeeeeeeee
API key filter called
http://localhost/api/v1/user/register
API key filter - ipAddress: 127.0.0.1
API key filter - continue filterChain
JWT token filter called
cors filter called
localeeeeeeee
API key filter called
http://localhost/api/v1/user/register
API key filter - ipAddress: 127.0.0.1
API key filter - continue filterChain
JWT token filter called
cors filter called
localeeeeeeee
API key filter called
http://localhost/api/v1/user/register
API key filter - ipAddress: 127.0.0.1
API key filter - continue filterChain
JWT token filter called
cors filter called
localeeeeeeee
API key filter called
http://localhost/api/v1/user/register
API key filter - ipAddress: 127.0.0.1
API key filter - continue filterChain
JWT token filter called
cors filter called
localeeeeeeee
API key filter called
http://localhost/api/v1/user/register
API key filter - ipAddress: 127.0.0.1
API key filter - continue filterChain
JWT token filter called
cors filter called
localeeeeeeee
API key filter called
http://localhost/api/v1/user/register
API key filter - ipAddress: 127.0.0.1
API key filter - continue filterChain
JWT token filter called
cors filter called
localeeeeeeee
API key filter called
http://localhost/api/v1/user/register
API key filter - ipAddress: 127.0.0.1
API key filter - continue filterChain
JWT token filter called
cors filter called
localeeeeeeee
API key filter called
http://localhost/api/v1/user/register
API key filter - ipAddress: 127.0.0.1
API key filter - continue filterChain
JWT token filter called
cors filter called
localeeeeeeee
API key filter called
http://localhost/api/v1/user/register
API key filter - ipAddress: 127.0.0.1
API key filter - continue filterChain
JWT token filter called
cors filter called
localeeeeeeee
API key filter called
http://localhost/api/v1/user/register
API key filter - ipAddress: 127.0.0.1
API key filter - continue filterChain
JWT token filter called
cors filter called
localeeeeeeee
API key filter called
http://localhost/api/v1/user/register
API key filter - ipAddress: 127.0.0.1
API key filter - continue filterChain
JWT token filter called
cors filter called
localeeeeeeee
API key filter called
http://localhost/api/v1/user/register
API key filter - ipAddress: 127.0.0.1
API key filter - continue filterChain
JWT token filter called
cors filter called
localeeeeeeee
API key filter called
http://localhost/api/v1/user/register
API key filter - ipAddress: 127.0.0.1
API key filter - continue filterChain
JWT token filter called
cors filter called
localeeeeeeee
API key filter called
http://localhost/api/v1/user/register
API key filter - ipAddress: 127.0.0.1
API key filter - continue filterChain
JWT token filter called
cors filter called
localeeeeeeee
API key filter called
http://localhost/api/v1/user/register
API key filter - ipAddress: 127.0.0.1
API key filter - continue filterChain
JWT token filter called
cors filter called
localeeeeeeee
API key filter called
http://localhost/api/v1/user/register
API key filter - ipAddress: 127.0.0.1
API key filter - continue filterChain
JWT token filter called
cors filter called
localeeeeeeee
API key filter called
http://localhost/api/v1/user/register
API key filter - ipAddress: 127.0.0.1
API key filter - continue filterChain
JWT token filter called
cors filter called
localeeeeeeee
API key filter called
http://localhost/api/v1/user/register
API key filter - ipAddress: 127.0.0.1
API key filter - continue filterChain
JWT token filter called
cors filter called
localeeeeeeee
API key filter called
http://localhost/api/v1/user/register
API key filter - ipAddress: 127.0.0.1
API key filter - continue filterChain
JWT token filter called
cors filter called
localeeeeeeee
API key filter called
http://localhost/api/v1/user/register
API key filter - ipAddress: 127.0.0.1
API key filter - continue filterChain
JWT token filter called
cors filter called
localeeeeeeee
API key filter called
http://localhost/api/v1/user/register
API key filter - ipAddress: 127.0.0.1
API key filter - continue filterChain
JWT token filter called
cors filter called
localeeeeeeee
API key filter called
http://localhost/api/v1/user/register
API key filter - ipAddress: 127.0.0.1
API key filter - continue filterChain
JWT token filter called
cors filter called
localeeeeeeee
API key filter called
http://localhost/api/v1/user/register
API key filter - ipAddress: 127.0.0.1
API key filter - continue filterChain
JWT token filter called
cors filter called
localeeeeeeee
API key filter called
http://localhost/api/v1/user/register
API key filter - ipAddress: 127.0.0.1
API key filter - continue filterChain
JWT token filter called
cors filter called
localeeeeeeee
API key filter called
http://localhost/api/v1/user/register
API key filter - ipAddress: 127.0.0.1
API key filter - continue filterChain
JWT token filter called
cors filter called
localeeeeeeee
API key filter called
http://localhost/api/v1/user/register
API key filter - ipAddress: 127.0.0.1
API key filter - continue filterChain
JWT token filter called
cors filter called
localeeeeeeee
API key filter called
http://localhost/api/v1/user/register
API key filter - ipAddress: 127.0.0.1
API key filter - continue filterChain
JWT token filter called
cors filter called
localeeeeeeee
API key filter called
http://localhost/api/v1/user/register
API key filter - ipAddress: 127.0.0.1
API key filter - continue filterChain
JWT token filter called
cors filter called
localeeeeeeee
API key filter called
http://localhost/api/v1/user/register
API key filter - ipAddress: 127.0.0.1
API key filter - continue filterChain
JWT token filter called
cors filter called
localeeeeeeee
API key filter called
http://localhost/api/v1/user/register
API key filter - ipAddress: 127.0.0.1
API key filter - continue filterChain
JWT token filter called
cors filter called
localeeeeeeee
API key filter called
http://localhost/api/v1/user/register
API key filter - ipAddress: 127.0.0.1
API key filter - continue filterChain
JWT token filter called
cors filter called
localeeeeeeee
API key filter called
http://localhost/api/v1/user/register
API key filter - ipAddress: 127.0.0.1
API key filter - continue filterChain
JWT token filter called
cors filter called
localeeeeeeee
API key filter called
http://localhost/api/v1/user/register
API key filter - ipAddress: 127.0.0.1
API key filter - continue filterChain
JWT token filter called
cors filter called
localeeeeeeee
API key filter called
http://localhost/api/v1/user/register
API key filter - ipAddress: 127.0.0.1
API key filter - continue filterChain
JWT token filter called
cors filter called
localeeeeeeee
API key filter called
http://localhost/api/v1/user/register
API key filter - ipAddress: 127.0.0.1
API key filter - continue filterChain
JWT token filter called
cors filter called
localeeeeeeee
API key filter called
http://localhost/api/v1/user/register
API key filter - ipAddress: 127.0.0.1
API key filter - continue filterChain
JWT token filter called
]]></system-out>
  <system-err><![CDATA[]]></system-err>
</testsuite>
