<?xml version="1.0" encoding="UTF-8"?>
<testsuite name="com.kovospace.paster.item.v2.integration.FileItemControllerGetTest" tests="5" skipped="0" failures="0" errors="0" timestamp="2022-12-11T13:50:31" hostname="kovo-flex5" time="7.453">
  <properties/>
  <testcase name="getItemTest()" classname="com.kovospace.paster.item.v2.integration.FileItemControllerGetTest" time="0.397"/>
  <testcase name="directFileRequestForbiddenTest()" classname="com.kovospace.paster.item.v2.integration.FileItemControllerGetTest" time="0.287"/>
  <testcase name="requestCompletedFileTest()" classname="com.kovospace.paster.item.v2.integration.FileItemControllerGetTest" time="0.317"/>
  <testcase name="requestUncompleteFileTest()" classname="com.kovospace.paster.item.v2.integration.FileItemControllerGetTest" time="0.296"/>
  <testcase name="requestNonExistentItemTest()" classname="com.kovospace.paster.item.v2.integration.FileItemControllerGetTest" time="0.242"/>
  <system-out><![CDATA[2022-12-11 14:50:30.395  INFO 52453 --- [    Test worker] .b.t.c.SpringBootTestContextBootstrapper : Neither @ContextConfiguration nor @ContextHierarchy found for test class [com.kovospace.paster.item.v2.integration.FileItemControllerGetTest], using SpringBootContextLoader
2022-12-11 14:50:30.396  INFO 52453 --- [    Test worker] o.s.t.c.support.AbstractContextLoader    : Could not detect default resource locations for test class [com.kovospace.paster.item.v2.integration.FileItemControllerGetTest]: no resource found for suffixes {-context.xml, Context.groovy}.
2022-12-11 14:50:30.396  INFO 52453 --- [    Test worker] t.c.s.AnnotationConfigContextLoaderUtils : Could not detect default configuration classes for test class [com.kovospace.paster.item.v2.integration.FileItemControllerGetTest]: FileItemControllerGetTest does not declare any static, non-private, non-final, nested classes annotated with @Configuration.
2022-12-11 14:50:30.398  INFO 52453 --- [    Test worker] .b.t.c.SpringBootTestContextBootstrapper : Found @SpringBootConfiguration com.kovospace.paster.PasterApplication for test class com.kovospace.paster.item.v2.integration.FileItemControllerGetTest
2022-12-11 14:50:30.399  INFO 52453 --- [    Test worker] .b.t.c.SpringBootTestContextBootstrapper : Loaded default TestExecutionListener class names from location [META-INF/spring.factories]: [org.springframework.security.test.context.support.WithSecurityContextTestExecutionListener, org.springframework.security.test.context.support.ReactorContextTestExecutionListener, org.springframework.boot.test.autoconfigure.restdocs.RestDocsTestExecutionListener, org.springframework.boot.test.autoconfigure.web.client.MockRestServiceServerResetTestExecutionListener, org.springframework.boot.test.autoconfigure.web.servlet.MockMvcPrintOnlyOnFailureTestExecutionListener, org.springframework.boot.test.autoconfigure.web.servlet.WebDriverTestExecutionListener, org.springframework.boot.test.autoconfigure.webservices.client.MockWebServiceServerTestExecutionListener, org.springframework.boot.test.mock.mockito.MockitoTestExecutionListener, org.springframework.boot.test.mock.mockito.ResetMocksTestExecutionListener, org.springframework.test.context.web.ServletTestExecutionListener, org.springframework.test.context.support.DirtiesContextBeforeModesTestExecutionListener, org.springframework.test.context.event.ApplicationEventsTestExecutionListener, org.springframework.test.context.support.DependencyInjectionTestExecutionListener, org.springframework.test.context.support.DirtiesContextTestExecutionListener, org.springframework.test.context.transaction.TransactionalTestExecutionListener, org.springframework.test.context.jdbc.SqlScriptsTestExecutionListener, org.springframework.test.context.event.EventPublishingTestExecutionListener]
2022-12-11 14:50:30.400  INFO 52453 --- [    Test worker] .b.t.c.SpringBootTestContextBootstrapper : Using TestExecutionListeners: [org.springframework.test.context.web.ServletTestExecutionListener@1f29119c, org.springframework.test.context.support.DirtiesContextBeforeModesTestExecutionListener@724bc8f9, org.springframework.test.context.event.ApplicationEventsTestExecutionListener@24402c03, org.springframework.boot.test.mock.mockito.MockitoTestExecutionListener@4953776d, org.springframework.boot.test.autoconfigure.SpringBootDependencyInjectionTestExecutionListener@1ea12a2a, org.springframework.test.context.support.DirtiesContextTestExecutionListener@32012507, org.springframework.test.context.transaction.TransactionalTestExecutionListener@17842770, org.springframework.test.context.jdbc.SqlScriptsTestExecutionListener@45bed2f2, org.springframework.security.test.context.support.WithSecurityContextTestExecutionListener@52594015, org.springframework.test.context.event.EventPublishingTestExecutionListener@69cb6e44, org.springframework.security.test.context.support.ReactorContextTestExecutionListener@5f427baa, org.springframework.boot.test.autoconfigure.restdocs.RestDocsTestExecutionListener@6c581bf2, org.springframework.boot.test.autoconfigure.web.client.MockRestServiceServerResetTestExecutionListener@7419a784, org.springframework.boot.test.autoconfigure.web.servlet.MockMvcPrintOnlyOnFailureTestExecutionListener@46925e0d, org.springframework.boot.test.autoconfigure.web.servlet.WebDriverTestExecutionListener@a41e25e, org.springframework.boot.test.autoconfigure.webservices.client.MockWebServiceServerTestExecutionListener@266aef6f, org.springframework.boot.test.mock.mockito.ResetMocksTestExecutionListener@1ff659a1]

  .   ____          _            __ _ _
 /\\ / ___'_ __ _ _(_)_ __  __ _ \ \ \ \
( ( )\___ | '_ | '_| | '_ \/ _` | \ \ \ \
 \\/  ___)| |_)| | | | | || (_| |  ) ) ) )
  '  |____| .__|_| |_|_| |_\__, | / / / /
 =========|_|==============|___/=/_/_/_/
 :: Spring Boot ::                (v2.5.4)

2022-12-11 14:50:30.430  INFO 52453 --- [    Test worker] c.k.p.i.v.i.FileItemControllerGetTest    : Starting FileItemControllerGetTest using Java 14.0.2 on kovo-flex5 with PID 52453 (started by matej in /home/matej/Dokumenty/PROJEKTY GitHub/paster-backend)
2022-12-11 14:50:30.430  INFO 52453 --- [    Test worker] c.k.p.i.v.i.FileItemControllerGetTest    : No active profile set, falling back to default profiles: default
2022-12-11 14:50:30.613  INFO 52453 --- [    Test worker] .s.d.r.c.RepositoryConfigurationDelegate : Bootstrapping Spring Data JPA repositories in DEFAULT mode.
2022-12-11 14:50:30.645  INFO 52453 --- [    Test worker] .s.d.r.c.RepositoryConfigurationDelegate : Finished Spring Data repository scanning in 31 ms. Found 5 JPA repository interfaces.
2022-12-11 14:50:30.677  INFO 52453 --- [    Test worker] beddedDataSourceBeanFactoryPostProcessor : Replacing 'dataSource' DataSource bean with embedded version
2022-12-11 14:50:30.817  INFO 52453 --- [    Test worker] o.s.b.w.embedded.tomcat.TomcatWebServer  : Tomcat initialized with port(s): 0 (http)
2022-12-11 14:50:30.818  INFO 52453 --- [    Test worker] o.apache.catalina.core.StandardService   : Starting service [Tomcat]
2022-12-11 14:50:30.819  INFO 52453 --- [    Test worker] org.apache.catalina.core.StandardEngine  : Starting Servlet engine: [Apache Tomcat/9.0.52]
2022-12-11 14:50:30.832  INFO 52453 --- [    Test worker] o.a.c.c.C.[Tomcat-1].[localhost].[/]     : Initializing Spring embedded WebApplicationContext
2022-12-11 14:50:30.832  INFO 52453 --- [    Test worker] w.s.c.ServletWebServerApplicationContext : Root WebApplicationContext: initialization completed in 400 ms
2022-12-11 14:50:30.885  INFO 52453 --- [    Test worker] o.s.j.d.e.EmbeddedDatabaseFactory        : Starting embedded database: url='jdbc:h2:mem:9b5cf524-ebf6-44ed-bece-d353edee879e;DB_CLOSE_DELAY=-1;DB_CLOSE_ON_EXIT=false', username='sa'
2022-12-11 14:50:30.944  INFO 52453 --- [    Test worker] o.hibernate.jpa.internal.util.LogHelper  : HHH000204: Processing PersistenceUnitInfo [name: default]
2022-12-11 14:50:30.951  INFO 52453 --- [    Test worker] org.hibernate.dialect.Dialect            : HHH000400: Using dialect: org.hibernate.dialect.H2Dialect
2022-12-11 14:50:31.025  INFO 52453 --- [    Test worker] o.h.e.t.j.p.i.JtaPlatformInitiator       : HHH000490: Using JtaPlatform implementation: [org.hibernate.engine.transaction.jta.platform.internal.NoJtaPlatform]
2022-12-11 14:50:31.025  INFO 52453 --- [    Test worker] j.LocalContainerEntityManagerFactoryBean : Initialized JPA EntityManagerFactory for persistence unit 'default'
2022-12-11 14:50:31.218  WARN 52453 --- [    Test worker] JpaBaseConfiguration$JpaWebConfiguration : spring.jpa.open-in-view is enabled by default. Therefore, database queries may be performed during view rendering. Explicitly configure spring.jpa.open-in-view to disable this warning
2022-12-11 14:50:31.349  INFO 52453 --- [    Test worker] f.a.AutowiredAnnotationBeanPostProcessor : Autowired annotation is not supported on static fields: private static long com.kovospace.paster.item.mappings.dtoConversions.v2.ItemToFileItemUploadResponseDTOConversion.DEFAULT_CHUNK_SIZE
2022-12-11 14:50:31.415  INFO 52453 --- [    Test worker] .s.s.UserDetailsServiceAutoConfiguration : 

Using generated security password: 72976807-5189-454c-a7ca-1d27a91b5221

2022-12-11 14:50:31.627  INFO 52453 --- [    Test worker] o.s.s.web.DefaultSecurityFilterChain     : Will secure any request with [org.springframework.security.web.context.request.async.WebAsyncManagerIntegrationFilter@405183d5, org.springframework.security.web.context.SecurityContextPersistenceFilter@5d2eeb29, org.springframework.security.web.header.HeaderWriterFilter@5e15732b, com.kovospace.paster.base.filters.SimpleCorsFilter@6f0a3e57, org.springframework.web.filter.CorsFilter@316c3adf, org.springframework.security.web.authentication.logout.LogoutFilter@28b772a6, org.springframework.security.web.savedrequest.RequestCacheAwareFilter@ce1befd, org.springframework.security.web.servletapi.SecurityContextHolderAwareRequestFilter@79980861, org.springframework.security.web.authentication.AnonymousAuthenticationFilter@5e5178aa, org.springframework.security.web.session.SessionManagementFilter@3489e01b, org.springframework.security.web.access.ExceptionTranslationFilter@2f5fc831, org.springframework.security.web.access.intercept.FilterSecurityInterceptor@2b85dcc5]
2022-12-11 14:50:31.636  INFO 52453 --- [    Test worker] o.s.s.web.DefaultSecurityFilterChain     : Will secure any request with [org.springframework.security.web.context.request.async.WebAsyncManagerIntegrationFilter@4b8c3e75, org.springframework.security.web.context.SecurityContextPersistenceFilter@1d0d917b, org.springframework.security.web.header.HeaderWriterFilter@45371972, org.springframework.security.web.csrf.CsrfFilter@129f555b, org.springframework.security.web.authentication.logout.LogoutFilter@66fb5b69, com.kovospace.paster.base.filters.ApiKeyAuthFilter@3fa60f9e, org.springframework.security.web.savedrequest.RequestCacheAwareFilter@1e110bf9, org.springframework.security.web.servletapi.SecurityContextHolderAwareRequestFilter@63107dc0, org.springframework.security.web.authentication.AnonymousAuthenticationFilter@1173d890, org.springframework.security.web.session.SessionManagementFilter@75503707, org.springframework.security.web.access.ExceptionTranslationFilter@766ebe35, org.springframework.security.web.access.intercept.FilterSecurityInterceptor@31725381]
2022-12-11 14:50:31.638  INFO 52453 --- [    Test worker] o.s.s.web.DefaultSecurityFilterChain     : Will secure any request with [org.springframework.security.web.context.request.async.WebAsyncManagerIntegrationFilter@70f02a2c, org.springframework.security.web.context.SecurityContextPersistenceFilter@16bf8ccc, org.springframework.security.web.header.HeaderWriterFilter@5e2edf18, org.springframework.security.web.csrf.CsrfFilter@1015ea5c, org.springframework.security.web.authentication.logout.LogoutFilter@4f8d697, com.kovospace.paster.base.filters.JwtAuthFilter@1c7056b3, org.springframework.security.web.savedrequest.RequestCacheAwareFilter@51408400, org.springframework.security.web.servletapi.SecurityContextHolderAwareRequestFilter@79be572f, org.springframework.security.web.authentication.AnonymousAuthenticationFilter@5d9da09d, org.springframework.security.web.session.SessionManagementFilter@29c7d4a2, org.springframework.security.web.access.ExceptionTranslationFilter@2ced6ab9, org.springframework.security.web.access.intercept.FilterSecurityInterceptor@693f0bfc]
2022-12-11 14:50:31.937  INFO 52453 --- [    Test worker] o.a.c.c.C.[Tomcat-1].[localhost].[/]     : Initializing Spring TestDispatcherServlet ''
2022-12-11 14:50:31.937  INFO 52453 --- [    Test worker] o.s.t.web.servlet.TestDispatcherServlet  : Initializing Servlet ''
2022-12-11 14:50:31.938  INFO 52453 --- [    Test worker] o.s.t.web.servlet.TestDispatcherServlet  : Completed initialization in 1 ms
2022-12-11 14:50:31.958  INFO 52453 --- [    Test worker] o.s.b.w.embedded.tomcat.TomcatWebServer  : Tomcat started on port(s): 38929 (http) with context path ''
2022-12-11 14:50:31.961  INFO 52453 --- [    Test worker] c.k.p.i.v.i.FileItemControllerGetTest    : Started FileItemControllerGetTest in 1.558 seconds (JVM running for 52.633)
cors filter called
localeeeeeeee
API key filter called
http://localhost/api/v2/board/file
API key filter - ipAddress: 127.0.0.1
API key filter - continue filterChain
JWT token filter called
cors filter called
localeeeeeeee
API key filter called
http://localhost/api/v2/board/file
API key filter - ipAddress: 127.0.0.1
API key filter - continue filterChain
JWT token filter called
notify changes
1
[]
cors filter called
localeeeeeeee
API key filter called
http://localhost/api/v2/board/item/1
API key filter - ipAddress: 127.0.0.1
API key filter - continue filterChain
JWT token filter called
2022-12-11 14:50:32.362  INFO 52453 --- [    Test worker] j.LocalContainerEntityManagerFactoryBean : Closing JPA EntityManagerFactory for persistence unit 'default'
2022-12-11 14:50:32.362  INFO 52453 --- [    Test worker] .SchemaDropperImpl$DelayedDropActionImpl : HHH000477: Starting delayed evictData of schema as part of SessionFactory shut-down'

  .   ____          _            __ _ _
 /\\ / ___'_ __ _ _(_)_ __  __ _ \ \ \ \
( ( )\___ | '_ | '_| | '_ \/ _` | \ \ \ \
 \\/  ___)| |_)| | | | | || (_| |  ) ) ) )
  '  |____| .__|_| |_|_| |_\__, | / / / /
 =========|_|==============|___/=/_/_/_/
 :: Spring Boot ::                (v2.5.4)

2022-12-11 14:50:32.389  INFO 52453 --- [    Test worker] c.k.p.i.v.i.FileItemControllerGetTest    : Starting FileItemControllerGetTest using Java 14.0.2 on kovo-flex5 with PID 52453 (started by matej in /home/matej/Dokumenty/PROJEKTY GitHub/paster-backend)
2022-12-11 14:50:32.389  INFO 52453 --- [    Test worker] c.k.p.i.v.i.FileItemControllerGetTest    : No active profile set, falling back to default profiles: default
2022-12-11 14:50:32.576  INFO 52453 --- [    Test worker] .s.d.r.c.RepositoryConfigurationDelegate : Bootstrapping Spring Data JPA repositories in DEFAULT mode.
2022-12-11 14:50:32.603  INFO 52453 --- [    Test worker] .s.d.r.c.RepositoryConfigurationDelegate : Finished Spring Data repository scanning in 26 ms. Found 5 JPA repository interfaces.
2022-12-11 14:50:32.632  INFO 52453 --- [    Test worker] beddedDataSourceBeanFactoryPostProcessor : Replacing 'dataSource' DataSource bean with embedded version
2022-12-11 14:50:32.765  INFO 52453 --- [    Test worker] o.s.b.w.embedded.tomcat.TomcatWebServer  : Tomcat initialized with port(s): 0 (http)
2022-12-11 14:50:32.766  INFO 52453 --- [    Test worker] o.apache.catalina.core.StandardService   : Starting service [Tomcat]
2022-12-11 14:50:32.766  INFO 52453 --- [    Test worker] org.apache.catalina.core.StandardEngine  : Starting Servlet engine: [Apache Tomcat/9.0.52]
2022-12-11 14:50:32.784  INFO 52453 --- [    Test worker] o.a.c.c.C.[Tomcat-1].[localhost].[/]     : Initializing Spring embedded WebApplicationContext
2022-12-11 14:50:32.784  INFO 52453 --- [    Test worker] w.s.c.ServletWebServerApplicationContext : Root WebApplicationContext: initialization completed in 393 ms
2022-12-11 14:50:32.832  INFO 52453 --- [    Test worker] o.s.j.d.e.EmbeddedDatabaseFactory        : Starting embedded database: url='jdbc:h2:mem:e62ba181-3c20-4ace-8aa7-97b3b5964d49;DB_CLOSE_DELAY=-1;DB_CLOSE_ON_EXIT=false', username='sa'
2022-12-11 14:50:32.886  INFO 52453 --- [    Test worker] o.hibernate.jpa.internal.util.LogHelper  : HHH000204: Processing PersistenceUnitInfo [name: default]
2022-12-11 14:50:32.893  INFO 52453 --- [    Test worker] org.hibernate.dialect.Dialect            : HHH000400: Using dialect: org.hibernate.dialect.H2Dialect
2022-12-11 14:50:32.967  INFO 52453 --- [    Test worker] o.h.e.t.j.p.i.JtaPlatformInitiator       : HHH000490: Using JtaPlatform implementation: [org.hibernate.engine.transaction.jta.platform.internal.NoJtaPlatform]
2022-12-11 14:50:32.968  INFO 52453 --- [    Test worker] j.LocalContainerEntityManagerFactoryBean : Initialized JPA EntityManagerFactory for persistence unit 'default'
2022-12-11 14:50:33.143  WARN 52453 --- [    Test worker] JpaBaseConfiguration$JpaWebConfiguration : spring.jpa.open-in-view is enabled by default. Therefore, database queries may be performed during view rendering. Explicitly configure spring.jpa.open-in-view to disable this warning
2022-12-11 14:50:33.269  INFO 52453 --- [    Test worker] f.a.AutowiredAnnotationBeanPostProcessor : Autowired annotation is not supported on static fields: private static long com.kovospace.paster.item.mappings.dtoConversions.v2.ItemToFileItemUploadResponseDTOConversion.DEFAULT_CHUNK_SIZE
2022-12-11 14:50:33.324  INFO 52453 --- [    Test worker] .s.s.UserDetailsServiceAutoConfiguration : 

Using generated security password: 818ee06b-9326-42e5-b933-22ec5da44b5c

2022-12-11 14:50:33.520  INFO 52453 --- [    Test worker] o.s.s.web.DefaultSecurityFilterChain     : Will secure any request with [org.springframework.security.web.context.request.async.WebAsyncManagerIntegrationFilter@20452a7c, org.springframework.security.web.context.SecurityContextPersistenceFilter@5bb6a056, org.springframework.security.web.header.HeaderWriterFilter@53294642, com.kovospace.paster.base.filters.SimpleCorsFilter@7312979c, org.springframework.web.filter.CorsFilter@3dbae876, org.springframework.security.web.authentication.logout.LogoutFilter@46c261d2, org.springframework.security.web.savedrequest.RequestCacheAwareFilter@7febc56e, org.springframework.security.web.servletapi.SecurityContextHolderAwareRequestFilter@66699787, org.springframework.security.web.authentication.AnonymousAuthenticationFilter@1816e8bb, org.springframework.security.web.session.SessionManagementFilter@1b5aacb9, org.springframework.security.web.access.ExceptionTranslationFilter@3e034f49, org.springframework.security.web.access.intercept.FilterSecurityInterceptor@28ea4426]
2022-12-11 14:50:33.529  INFO 52453 --- [    Test worker] o.s.s.web.DefaultSecurityFilterChain     : Will secure any request with [org.springframework.security.web.context.request.async.WebAsyncManagerIntegrationFilter@75e22ef1, org.springframework.security.web.context.SecurityContextPersistenceFilter@1515f1ec, org.springframework.security.web.header.HeaderWriterFilter@59380857, org.springframework.security.web.csrf.CsrfFilter@2e575bee, org.springframework.security.web.authentication.logout.LogoutFilter@7111f00d, com.kovospace.paster.base.filters.ApiKeyAuthFilter@52594814, org.springframework.security.web.savedrequest.RequestCacheAwareFilter@1900a057, org.springframework.security.web.servletapi.SecurityContextHolderAwareRequestFilter@637990, org.springframework.security.web.authentication.AnonymousAuthenticationFilter@3169f5ec, org.springframework.security.web.session.SessionManagementFilter@1895218, org.springframework.security.web.access.ExceptionTranslationFilter@760f52d3, org.springframework.security.web.access.intercept.FilterSecurityInterceptor@5e8f8cf7]
2022-12-11 14:50:33.530  INFO 52453 --- [    Test worker] o.s.s.web.DefaultSecurityFilterChain     : Will secure any request with [org.springframework.security.web.context.request.async.WebAsyncManagerIntegrationFilter@16f0ba72, org.springframework.security.web.context.SecurityContextPersistenceFilter@377c371, org.springframework.security.web.header.HeaderWriterFilter@3f5d08e6, org.springframework.security.web.csrf.CsrfFilter@4b76f6dc, org.springframework.security.web.authentication.logout.LogoutFilter@385aa24c, com.kovospace.paster.base.filters.JwtAuthFilter@778e3304, org.springframework.security.web.savedrequest.RequestCacheAwareFilter@75f8aeb8, org.springframework.security.web.servletapi.SecurityContextHolderAwareRequestFilter@22b592d9, org.springframework.security.web.authentication.AnonymousAuthenticationFilter@7f5c088, org.springframework.security.web.session.SessionManagementFilter@7fcb1a42, org.springframework.security.web.access.ExceptionTranslationFilter@121c8cb3, org.springframework.security.web.access.intercept.FilterSecurityInterceptor@3df69f96]
2022-12-11 14:50:33.811  INFO 52453 --- [    Test worker] o.a.c.c.C.[Tomcat-1].[localhost].[/]     : Initializing Spring TestDispatcherServlet ''
2022-12-11 14:50:33.811  INFO 52453 --- [    Test worker] o.s.t.web.servlet.TestDispatcherServlet  : Initializing Servlet ''
2022-12-11 14:50:33.812  INFO 52453 --- [    Test worker] o.s.t.web.servlet.TestDispatcherServlet  : Completed initialization in 1 ms
2022-12-11 14:50:33.831  INFO 52453 --- [    Test worker] o.s.b.w.embedded.tomcat.TomcatWebServer  : Tomcat started on port(s): 44785 (http) with context path ''
2022-12-11 14:50:33.834  INFO 52453 --- [    Test worker] c.k.p.i.v.i.FileItemControllerGetTest    : Started FileItemControllerGetTest in 1.467 seconds (JVM running for 54.506)
cors filter called
localeeeeeeee
API key filter called
http://localhost/api/v2/board/file
API key filter - ipAddress: 127.0.0.1
API key filter - continue filterChain
JWT token filter called
cors filter called
localeeeeeeee
API key filter called
http://localhost/api/v2/board/file
API key filter - ipAddress: 127.0.0.1
API key filter - continue filterChain
JWT token filter called
notify changes
1
[]
cors filter called
localeeeeeeee
API key filter called
https://0.0.0.0:4004/testUploads/files/1-1-1.txt
API key filter - ipAddress: 127.0.0.1
API key filter - continue filterChain
JWT token filter called
2022-12-11 14:50:34.126  INFO 52453 --- [    Test worker] j.LocalContainerEntityManagerFactoryBean : Closing JPA EntityManagerFactory for persistence unit 'default'
2022-12-11 14:50:34.126  INFO 52453 --- [    Test worker] .SchemaDropperImpl$DelayedDropActionImpl : HHH000477: Starting delayed evictData of schema as part of SessionFactory shut-down'

  .   ____          _            __ _ _
 /\\ / ___'_ __ _ _(_)_ __  __ _ \ \ \ \
( ( )\___ | '_ | '_| | '_ \/ _` | \ \ \ \
 \\/  ___)| |_)| | | | | || (_| |  ) ) ) )
  '  |____| .__|_| |_|_| |_\__, | / / / /
 =========|_|==============|___/=/_/_/_/
 :: Spring Boot ::                (v2.5.4)

2022-12-11 14:50:34.156  INFO 52453 --- [    Test worker] c.k.p.i.v.i.FileItemControllerGetTest    : Starting FileItemControllerGetTest using Java 14.0.2 on kovo-flex5 with PID 52453 (started by matej in /home/matej/Dokumenty/PROJEKTY GitHub/paster-backend)
2022-12-11 14:50:34.157  INFO 52453 --- [    Test worker] c.k.p.i.v.i.FileItemControllerGetTest    : No active profile set, falling back to default profiles: default
2022-12-11 14:50:34.333  INFO 52453 --- [    Test worker] .s.d.r.c.RepositoryConfigurationDelegate : Bootstrapping Spring Data JPA repositories in DEFAULT mode.
2022-12-11 14:50:34.365  INFO 52453 --- [    Test worker] .s.d.r.c.RepositoryConfigurationDelegate : Finished Spring Data repository scanning in 32 ms. Found 5 JPA repository interfaces.
2022-12-11 14:50:34.394  INFO 52453 --- [    Test worker] beddedDataSourceBeanFactoryPostProcessor : Replacing 'dataSource' DataSource bean with embedded version
2022-12-11 14:50:34.529  INFO 52453 --- [    Test worker] o.s.b.w.embedded.tomcat.TomcatWebServer  : Tomcat initialized with port(s): 0 (http)
2022-12-11 14:50:34.530  INFO 52453 --- [    Test worker] o.apache.catalina.core.StandardService   : Starting service [Tomcat]
2022-12-11 14:50:34.530  INFO 52453 --- [    Test worker] org.apache.catalina.core.StandardEngine  : Starting Servlet engine: [Apache Tomcat/9.0.52]
2022-12-11 14:50:34.546  INFO 52453 --- [    Test worker] o.a.c.c.C.[Tomcat-1].[localhost].[/]     : Initializing Spring embedded WebApplicationContext
2022-12-11 14:50:34.546  INFO 52453 --- [    Test worker] w.s.c.ServletWebServerApplicationContext : Root WebApplicationContext: initialization completed in 387 ms
2022-12-11 14:50:34.593  INFO 52453 --- [    Test worker] o.s.j.d.e.EmbeddedDatabaseFactory        : Starting embedded database: url='jdbc:h2:mem:379f24c5-1d40-4f7b-a8ff-597a52f45d75;DB_CLOSE_DELAY=-1;DB_CLOSE_ON_EXIT=false', username='sa'
2022-12-11 14:50:34.651  INFO 52453 --- [    Test worker] o.hibernate.jpa.internal.util.LogHelper  : HHH000204: Processing PersistenceUnitInfo [name: default]
2022-12-11 14:50:34.658  INFO 52453 --- [    Test worker] org.hibernate.dialect.Dialect            : HHH000400: Using dialect: org.hibernate.dialect.H2Dialect
2022-12-11 14:50:34.730  INFO 52453 --- [    Test worker] o.h.e.t.j.p.i.JtaPlatformInitiator       : HHH000490: Using JtaPlatform implementation: [org.hibernate.engine.transaction.jta.platform.internal.NoJtaPlatform]
2022-12-11 14:50:34.730  INFO 52453 --- [    Test worker] j.LocalContainerEntityManagerFactoryBean : Initialized JPA EntityManagerFactory for persistence unit 'default'
2022-12-11 14:50:34.916  WARN 52453 --- [    Test worker] JpaBaseConfiguration$JpaWebConfiguration : spring.jpa.open-in-view is enabled by default. Therefore, database queries may be performed during view rendering. Explicitly configure spring.jpa.open-in-view to disable this warning
2022-12-11 14:50:35.042  INFO 52453 --- [    Test worker] f.a.AutowiredAnnotationBeanPostProcessor : Autowired annotation is not supported on static fields: private static long com.kovospace.paster.item.mappings.dtoConversions.v2.ItemToFileItemUploadResponseDTOConversion.DEFAULT_CHUNK_SIZE
2022-12-11 14:50:35.104  INFO 52453 --- [    Test worker] .s.s.UserDetailsServiceAutoConfiguration : 

Using generated security password: f81c890c-f4c0-450e-821e-ca7164eb44ea

2022-12-11 14:50:35.303  INFO 52453 --- [    Test worker] o.s.s.web.DefaultSecurityFilterChain     : Will secure any request with [org.springframework.security.web.context.request.async.WebAsyncManagerIntegrationFilter@281e3119, org.springframework.security.web.context.SecurityContextPersistenceFilter@76d644eb, org.springframework.security.web.header.HeaderWriterFilter@7d73590c, com.kovospace.paster.base.filters.SimpleCorsFilter@6eb83079, org.springframework.web.filter.CorsFilter@206b4d93, org.springframework.security.web.authentication.logout.LogoutFilter@627f740a, org.springframework.security.web.savedrequest.RequestCacheAwareFilter@71345a94, org.springframework.security.web.servletapi.SecurityContextHolderAwareRequestFilter@1668d687, org.springframework.security.web.authentication.AnonymousAuthenticationFilter@7fbb7ec4, org.springframework.security.web.session.SessionManagementFilter@6b8b7325, org.springframework.security.web.access.ExceptionTranslationFilter@7c4f7550, org.springframework.security.web.access.intercept.FilterSecurityInterceptor@286fd6c3]
2022-12-11 14:50:35.315  INFO 52453 --- [    Test worker] o.s.s.web.DefaultSecurityFilterChain     : Will secure any request with [org.springframework.security.web.context.request.async.WebAsyncManagerIntegrationFilter@592f0df5, org.springframework.security.web.context.SecurityContextPersistenceFilter@60c7ba29, org.springframework.security.web.header.HeaderWriterFilter@c548036, org.springframework.security.web.csrf.CsrfFilter@2e6fd27b, org.springframework.security.web.authentication.logout.LogoutFilter@5dc09def, com.kovospace.paster.base.filters.ApiKeyAuthFilter@56e83bd9, org.springframework.security.web.savedrequest.RequestCacheAwareFilter@4225c20b, org.springframework.security.web.servletapi.SecurityContextHolderAwareRequestFilter@6ad8af49, org.springframework.security.web.authentication.AnonymousAuthenticationFilter@73dbda2f, org.springframework.security.web.session.SessionManagementFilter@30eb4a45, org.springframework.security.web.access.ExceptionTranslationFilter@24e0d41e, org.springframework.security.web.access.intercept.FilterSecurityInterceptor@64546586]
2022-12-11 14:50:35.316  INFO 52453 --- [    Test worker] o.s.s.web.DefaultSecurityFilterChain     : Will secure any request with [org.springframework.security.web.context.request.async.WebAsyncManagerIntegrationFilter@13631931, org.springframework.security.web.context.SecurityContextPersistenceFilter@5320e451, org.springframework.security.web.header.HeaderWriterFilter@4303f258, org.springframework.security.web.csrf.CsrfFilter@7dda83ec, org.springframework.security.web.authentication.logout.LogoutFilter@537ce4e6, com.kovospace.paster.base.filters.JwtAuthFilter@392751f5, org.springframework.security.web.savedrequest.RequestCacheAwareFilter@47df732f, org.springframework.security.web.servletapi.SecurityContextHolderAwareRequestFilter@1b92d8be, org.springframework.security.web.authentication.AnonymousAuthenticationFilter@1c1e142d, org.springframework.security.web.session.SessionManagementFilter@7acccd07, org.springframework.security.web.access.ExceptionTranslationFilter@5458166c, org.springframework.security.web.access.intercept.FilterSecurityInterceptor@488d206d]
2022-12-11 14:50:35.600  INFO 52453 --- [    Test worker] o.a.c.c.C.[Tomcat-1].[localhost].[/]     : Initializing Spring TestDispatcherServlet ''
2022-12-11 14:50:35.600  INFO 52453 --- [    Test worker] o.s.t.web.servlet.TestDispatcherServlet  : Initializing Servlet ''
2022-12-11 14:50:35.601  INFO 52453 --- [    Test worker] o.s.t.web.servlet.TestDispatcherServlet  : Completed initialization in 1 ms
2022-12-11 14:50:35.619  INFO 52453 --- [    Test worker] o.s.b.w.embedded.tomcat.TomcatWebServer  : Tomcat started on port(s): 42621 (http) with context path ''
2022-12-11 14:50:35.623  INFO 52453 --- [    Test worker] c.k.p.i.v.i.FileItemControllerGetTest    : Started FileItemControllerGetTest in 1.492 seconds (JVM running for 56.294)
cors filter called
localeeeeeeee
API key filter called
http://localhost/api/v2/board/file
API key filter - ipAddress: 127.0.0.1
API key filter - continue filterChain
JWT token filter called
cors filter called
localeeeeeeee
API key filter called
http://localhost/api/v2/board/file
API key filter - ipAddress: 127.0.0.1
API key filter - continue filterChain
JWT token filter called
notify changes
1
[]
cors filter called
localeeeeeeee
API key filter called
http://localhost/api/v2/board/item/1
API key filter - ipAddress: 127.0.0.1
API key filter - continue filterChain
JWT token filter called
cors filter called
localeeeeeeee
API key filter called
http://localhost/api/v2/board/file/1
API key filter - ipAddress: 127.0.0.1
API key filter - continue filterChain
JWT token filter called
2022-12-11 14:50:35.944  INFO 52453 --- [    Test worker] j.LocalContainerEntityManagerFactoryBean : Closing JPA EntityManagerFactory for persistence unit 'default'
2022-12-11 14:50:35.944  INFO 52453 --- [    Test worker] .SchemaDropperImpl$DelayedDropActionImpl : HHH000477: Starting delayed evictData of schema as part of SessionFactory shut-down'

  .   ____          _            __ _ _
 /\\ / ___'_ __ _ _(_)_ __  __ _ \ \ \ \
( ( )\___ | '_ | '_| | '_ \/ _` | \ \ \ \
 \\/  ___)| |_)| | | | | || (_| |  ) ) ) )
  '  |____| .__|_| |_|_| |_\__, | / / / /
 =========|_|==============|___/=/_/_/_/
 :: Spring Boot ::                (v2.5.4)

2022-12-11 14:50:35.974  INFO 52453 --- [    Test worker] c.k.p.i.v.i.FileItemControllerGetTest    : Starting FileItemControllerGetTest using Java 14.0.2 on kovo-flex5 with PID 52453 (started by matej in /home/matej/Dokumenty/PROJEKTY GitHub/paster-backend)
2022-12-11 14:50:35.975  INFO 52453 --- [    Test worker] c.k.p.i.v.i.FileItemControllerGetTest    : No active profile set, falling back to default profiles: default
2022-12-11 14:50:36.162  INFO 52453 --- [    Test worker] .s.d.r.c.RepositoryConfigurationDelegate : Bootstrapping Spring Data JPA repositories in DEFAULT mode.
2022-12-11 14:50:36.188  INFO 52453 --- [    Test worker] .s.d.r.c.RepositoryConfigurationDelegate : Finished Spring Data repository scanning in 26 ms. Found 5 JPA repository interfaces.
2022-12-11 14:50:36.219  INFO 52453 --- [    Test worker] beddedDataSourceBeanFactoryPostProcessor : Replacing 'dataSource' DataSource bean with embedded version
2022-12-11 14:50:36.354  INFO 52453 --- [    Test worker] o.s.b.w.embedded.tomcat.TomcatWebServer  : Tomcat initialized with port(s): 0 (http)
2022-12-11 14:50:36.355  INFO 52453 --- [    Test worker] o.apache.catalina.core.StandardService   : Starting service [Tomcat]
2022-12-11 14:50:36.355  INFO 52453 --- [    Test worker] org.apache.catalina.core.StandardEngine  : Starting Servlet engine: [Apache Tomcat/9.0.52]
2022-12-11 14:50:36.373  INFO 52453 --- [    Test worker] o.a.c.c.C.[Tomcat-1].[localhost].[/]     : Initializing Spring embedded WebApplicationContext
2022-12-11 14:50:36.374  INFO 52453 --- [    Test worker] w.s.c.ServletWebServerApplicationContext : Root WebApplicationContext: initialization completed in 397 ms
2022-12-11 14:50:36.416  INFO 52453 --- [    Test worker] o.s.j.d.e.EmbeddedDatabaseFactory        : Starting embedded database: url='jdbc:h2:mem:9ebafb54-ad10-4d12-ab5e-726adfbb6f59;DB_CLOSE_DELAY=-1;DB_CLOSE_ON_EXIT=false', username='sa'
2022-12-11 14:50:36.477  INFO 52453 --- [    Test worker] o.hibernate.jpa.internal.util.LogHelper  : HHH000204: Processing PersistenceUnitInfo [name: default]
2022-12-11 14:50:36.488  INFO 52453 --- [    Test worker] org.hibernate.dialect.Dialect            : HHH000400: Using dialect: org.hibernate.dialect.H2Dialect
2022-12-11 14:50:36.592  INFO 52453 --- [    Test worker] o.h.e.t.j.p.i.JtaPlatformInitiator       : HHH000490: Using JtaPlatform implementation: [org.hibernate.engine.transaction.jta.platform.internal.NoJtaPlatform]
2022-12-11 14:50:36.593  INFO 52453 --- [    Test worker] j.LocalContainerEntityManagerFactoryBean : Initialized JPA EntityManagerFactory for persistence unit 'default'
2022-12-11 14:50:36.777  WARN 52453 --- [    Test worker] JpaBaseConfiguration$JpaWebConfiguration : spring.jpa.open-in-view is enabled by default. Therefore, database queries may be performed during view rendering. Explicitly configure spring.jpa.open-in-view to disable this warning
2022-12-11 14:50:36.910  INFO 52453 --- [    Test worker] f.a.AutowiredAnnotationBeanPostProcessor : Autowired annotation is not supported on static fields: private static long com.kovospace.paster.item.mappings.dtoConversions.v2.ItemToFileItemUploadResponseDTOConversion.DEFAULT_CHUNK_SIZE
2022-12-11 14:50:36.969  INFO 52453 --- [    Test worker] .s.s.UserDetailsServiceAutoConfiguration : 

Using generated security password: 6b5b01e9-146c-44f5-9379-db4426814dda

2022-12-11 14:50:37.181  INFO 52453 --- [    Test worker] o.s.s.web.DefaultSecurityFilterChain     : Will secure any request with [org.springframework.security.web.context.request.async.WebAsyncManagerIntegrationFilter@796d2707, org.springframework.security.web.context.SecurityContextPersistenceFilter@4c4cac58, org.springframework.security.web.header.HeaderWriterFilter@23d828, com.kovospace.paster.base.filters.SimpleCorsFilter@55f7c9c2, org.springframework.web.filter.CorsFilter@30cfca16, org.springframework.security.web.authentication.logout.LogoutFilter@1dbe8c80, org.springframework.security.web.savedrequest.RequestCacheAwareFilter@73cba609, org.springframework.security.web.servletapi.SecurityContextHolderAwareRequestFilter@6db7c2c0, org.springframework.security.web.authentication.AnonymousAuthenticationFilter@3c40900c, org.springframework.security.web.session.SessionManagementFilter@62977805, org.springframework.security.web.access.ExceptionTranslationFilter@62723e3, org.springframework.security.web.access.intercept.FilterSecurityInterceptor@f237a9f]
2022-12-11 14:50:37.190  INFO 52453 --- [    Test worker] o.s.s.web.DefaultSecurityFilterChain     : Will secure any request with [org.springframework.security.web.context.request.async.WebAsyncManagerIntegrationFilter@43e00d51, org.springframework.security.web.context.SecurityContextPersistenceFilter@d381bc8, org.springframework.security.web.header.HeaderWriterFilter@7448e59c, org.springframework.security.web.csrf.CsrfFilter@4e4f71df, org.springframework.security.web.authentication.logout.LogoutFilter@2f12f74b, com.kovospace.paster.base.filters.ApiKeyAuthFilter@189a6552, org.springframework.security.web.savedrequest.RequestCacheAwareFilter@b5c2587, org.springframework.security.web.servletapi.SecurityContextHolderAwareRequestFilter@380b4575, org.springframework.security.web.authentication.AnonymousAuthenticationFilter@33917902, org.springframework.security.web.session.SessionManagementFilter@38cc5487, org.springframework.security.web.access.ExceptionTranslationFilter@79cff5b5, org.springframework.security.web.access.intercept.FilterSecurityInterceptor@360f1b10]
2022-12-11 14:50:37.192  INFO 52453 --- [    Test worker] o.s.s.web.DefaultSecurityFilterChain     : Will secure any request with [org.springframework.security.web.context.request.async.WebAsyncManagerIntegrationFilter@32dabbcc, org.springframework.security.web.context.SecurityContextPersistenceFilter@7b6e27bc, org.springframework.security.web.header.HeaderWriterFilter@4acb7ba8, org.springframework.security.web.csrf.CsrfFilter@4ec9093a, org.springframework.security.web.authentication.logout.LogoutFilter@211902b9, com.kovospace.paster.base.filters.JwtAuthFilter@7fca7f73, org.springframework.security.web.savedrequest.RequestCacheAwareFilter@41e3a0a, org.springframework.security.web.servletapi.SecurityContextHolderAwareRequestFilter@1599171a, org.springframework.security.web.authentication.AnonymousAuthenticationFilter@526e944c, org.springframework.security.web.session.SessionManagementFilter@7d6861f2, org.springframework.security.web.access.ExceptionTranslationFilter@76612dc6, org.springframework.security.web.access.intercept.FilterSecurityInterceptor@318a5501]
2022-12-11 14:50:37.463  INFO 52453 --- [    Test worker] o.a.c.c.C.[Tomcat-1].[localhost].[/]     : Initializing Spring TestDispatcherServlet ''
2022-12-11 14:50:37.463  INFO 52453 --- [    Test worker] o.s.t.web.servlet.TestDispatcherServlet  : Initializing Servlet ''
2022-12-11 14:50:37.464  INFO 52453 --- [    Test worker] o.s.t.web.servlet.TestDispatcherServlet  : Completed initialization in 1 ms
2022-12-11 14:50:37.483  INFO 52453 --- [    Test worker] o.s.b.w.embedded.tomcat.TomcatWebServer  : Tomcat started on port(s): 38625 (http) with context path ''
2022-12-11 14:50:37.486  INFO 52453 --- [    Test worker] c.k.p.i.v.i.FileItemControllerGetTest    : Started FileItemControllerGetTest in 1.537 seconds (JVM running for 58.158)
cors filter called
localeeeeeeee
API key filter called
http://localhost/api/v2/board/file
API key filter - ipAddress: 127.0.0.1
API key filter - continue filterChain
JWT token filter called
cors filter called
localeeeeeeee
API key filter called
http://localhost/api/v2/board/item/1
API key filter - ipAddress: 127.0.0.1
API key filter - continue filterChain
JWT token filter called
cors filter called
localeeeeeeee
API key filter called
http://localhost/api/v2/board/file/1
API key filter - ipAddress: 127.0.0.1
API key filter - continue filterChain
JWT token filter called
2022-12-11 14:50:37.787  INFO 52453 --- [    Test worker] j.LocalContainerEntityManagerFactoryBean : Closing JPA EntityManagerFactory for persistence unit 'default'
2022-12-11 14:50:37.787  INFO 52453 --- [    Test worker] .SchemaDropperImpl$DelayedDropActionImpl : HHH000477: Starting delayed evictData of schema as part of SessionFactory shut-down'

  .   ____          _            __ _ _
 /\\ / ___'_ __ _ _(_)_ __  __ _ \ \ \ \
( ( )\___ | '_ | '_| | '_ \/ _` | \ \ \ \
 \\/  ___)| |_)| | | | | || (_| |  ) ) ) )
  '  |____| .__|_| |_|_| |_\__, | / / / /
 =========|_|==============|___/=/_/_/_/
 :: Spring Boot ::                (v2.5.4)

2022-12-11 14:50:37.813  INFO 52453 --- [    Test worker] c.k.p.i.v.i.FileItemControllerGetTest    : Starting FileItemControllerGetTest using Java 14.0.2 on kovo-flex5 with PID 52453 (started by matej in /home/matej/Dokumenty/PROJEKTY GitHub/paster-backend)
2022-12-11 14:50:37.814  INFO 52453 --- [    Test worker] c.k.p.i.v.i.FileItemControllerGetTest    : No active profile set, falling back to default profiles: default
2022-12-11 14:50:37.989  INFO 52453 --- [    Test worker] .s.d.r.c.RepositoryConfigurationDelegate : Bootstrapping Spring Data JPA repositories in DEFAULT mode.
2022-12-11 14:50:38.015  INFO 52453 --- [    Test worker] .s.d.r.c.RepositoryConfigurationDelegate : Finished Spring Data repository scanning in 26 ms. Found 5 JPA repository interfaces.
2022-12-11 14:50:38.043  INFO 52453 --- [    Test worker] beddedDataSourceBeanFactoryPostProcessor : Replacing 'dataSource' DataSource bean with embedded version
2022-12-11 14:50:38.172  INFO 52453 --- [    Test worker] o.s.b.w.embedded.tomcat.TomcatWebServer  : Tomcat initialized with port(s): 0 (http)
2022-12-11 14:50:38.173  INFO 52453 --- [    Test worker] o.apache.catalina.core.StandardService   : Starting service [Tomcat]
2022-12-11 14:50:38.173  INFO 52453 --- [    Test worker] org.apache.catalina.core.StandardEngine  : Starting Servlet engine: [Apache Tomcat/9.0.52]
2022-12-11 14:50:38.187  INFO 52453 --- [    Test worker] o.a.c.c.C.[Tomcat-1].[localhost].[/]     : Initializing Spring embedded WebApplicationContext
2022-12-11 14:50:38.187  INFO 52453 --- [    Test worker] w.s.c.ServletWebServerApplicationContext : Root WebApplicationContext: initialization completed in 371 ms
2022-12-11 14:50:38.229  INFO 52453 --- [    Test worker] o.s.j.d.e.EmbeddedDatabaseFactory        : Starting embedded database: url='jdbc:h2:mem:770c09b9-ea5d-4c2c-8df6-64693697ceb4;DB_CLOSE_DELAY=-1;DB_CLOSE_ON_EXIT=false', username='sa'
2022-12-11 14:50:38.282  INFO 52453 --- [    Test worker] o.hibernate.jpa.internal.util.LogHelper  : HHH000204: Processing PersistenceUnitInfo [name: default]
2022-12-11 14:50:38.289  INFO 52453 --- [    Test worker] org.hibernate.dialect.Dialect            : HHH000400: Using dialect: org.hibernate.dialect.H2Dialect
2022-12-11 14:50:38.350  INFO 52453 --- [    Test worker] o.h.e.t.j.p.i.JtaPlatformInitiator       : HHH000490: Using JtaPlatform implementation: [org.hibernate.engine.transaction.jta.platform.internal.NoJtaPlatform]
2022-12-11 14:50:38.351  INFO 52453 --- [    Test worker] j.LocalContainerEntityManagerFactoryBean : Initialized JPA EntityManagerFactory for persistence unit 'default'
2022-12-11 14:50:38.517  WARN 52453 --- [    Test worker] JpaBaseConfiguration$JpaWebConfiguration : spring.jpa.open-in-view is enabled by default. Therefore, database queries may be performed during view rendering. Explicitly configure spring.jpa.open-in-view to disable this warning
2022-12-11 14:50:38.631  INFO 52453 --- [    Test worker] f.a.AutowiredAnnotationBeanPostProcessor : Autowired annotation is not supported on static fields: private static long com.kovospace.paster.item.mappings.dtoConversions.v2.ItemToFileItemUploadResponseDTOConversion.DEFAULT_CHUNK_SIZE
2022-12-11 14:50:38.687  INFO 52453 --- [    Test worker] .s.s.UserDetailsServiceAutoConfiguration : 

Using generated security password: a0ae0ea7-015e-4b25-b05d-572c8004c20e

2022-12-11 14:50:38.884  INFO 52453 --- [    Test worker] o.s.s.web.DefaultSecurityFilterChain     : Will secure any request with [org.springframework.security.web.context.request.async.WebAsyncManagerIntegrationFilter@55797b63, org.springframework.security.web.context.SecurityContextPersistenceFilter@df36a1d, org.springframework.security.web.header.HeaderWriterFilter@5691dea, com.kovospace.paster.base.filters.SimpleCorsFilter@cbcce25, org.springframework.web.filter.CorsFilter@37819d26, org.springframework.security.web.authentication.logout.LogoutFilter@4186e1e3, org.springframework.security.web.savedrequest.RequestCacheAwareFilter@f77d398, org.springframework.security.web.servletapi.SecurityContextHolderAwareRequestFilter@423c19d1, org.springframework.security.web.authentication.AnonymousAuthenticationFilter@72745fa1, org.springframework.security.web.session.SessionManagementFilter@1050b95d, org.springframework.security.web.access.ExceptionTranslationFilter@12320695, org.springframework.security.web.access.intercept.FilterSecurityInterceptor@5151816d]
2022-12-11 14:50:38.893  INFO 52453 --- [    Test worker] o.s.s.web.DefaultSecurityFilterChain     : Will secure any request with [org.springframework.security.web.context.request.async.WebAsyncManagerIntegrationFilter@6449ec7f, org.springframework.security.web.context.SecurityContextPersistenceFilter@3c1c4d3b, org.springframework.security.web.header.HeaderWriterFilter@22a60342, org.springframework.security.web.csrf.CsrfFilter@5ac53a92, org.springframework.security.web.authentication.logout.LogoutFilter@d28edb9, com.kovospace.paster.base.filters.ApiKeyAuthFilter@3d993008, org.springframework.security.web.savedrequest.RequestCacheAwareFilter@79943410, org.springframework.security.web.servletapi.SecurityContextHolderAwareRequestFilter@6b3a8473, org.springframework.security.web.authentication.AnonymousAuthenticationFilter@4ebd9f2c, org.springframework.security.web.session.SessionManagementFilter@4f7eefec, org.springframework.security.web.access.ExceptionTranslationFilter@6a15fb0b, org.springframework.security.web.access.intercept.FilterSecurityInterceptor@1dc90d22]
2022-12-11 14:50:38.894  INFO 52453 --- [    Test worker] o.s.s.web.DefaultSecurityFilterChain     : Will secure any request with [org.springframework.security.web.context.request.async.WebAsyncManagerIntegrationFilter@3d2f1cf, org.springframework.security.web.context.SecurityContextPersistenceFilter@66753831, org.springframework.security.web.header.HeaderWriterFilter@7171aea9, org.springframework.security.web.csrf.CsrfFilter@9c0e056, org.springframework.security.web.authentication.logout.LogoutFilter@721ff7ab, com.kovospace.paster.base.filters.JwtAuthFilter@9ca5eb6, org.springframework.security.web.savedrequest.RequestCacheAwareFilter@64393ec1, org.springframework.security.web.servletapi.SecurityContextHolderAwareRequestFilter@1841c009, org.springframework.security.web.authentication.AnonymousAuthenticationFilter@40b600a3, org.springframework.security.web.session.SessionManagementFilter@68b9a720, org.springframework.security.web.access.ExceptionTranslationFilter@4a6914fa, org.springframework.security.web.access.intercept.FilterSecurityInterceptor@236ed1f6]
2022-12-11 14:50:39.149  INFO 52453 --- [    Test worker] o.a.c.c.C.[Tomcat-1].[localhost].[/]     : Initializing Spring TestDispatcherServlet ''
2022-12-11 14:50:39.149  INFO 52453 --- [    Test worker] o.s.t.web.servlet.TestDispatcherServlet  : Initializing Servlet ''
2022-12-11 14:50:39.150  INFO 52453 --- [    Test worker] o.s.t.web.servlet.TestDispatcherServlet  : Completed initialization in 1 ms
2022-12-11 14:50:39.168  INFO 52453 --- [    Test worker] o.s.b.w.embedded.tomcat.TomcatWebServer  : Tomcat started on port(s): 35681 (http) with context path ''
2022-12-11 14:50:39.172  INFO 52453 --- [    Test worker] c.k.p.i.v.i.FileItemControllerGetTest    : Started FileItemControllerGetTest in 1.38 seconds (JVM running for 59.843)
cors filter called
localeeeeeeee
API key filter called
http://localhost/api/v2/board/item/1
API key filter - ipAddress: 127.0.0.1
API key filter - continue filterChain
JWT token filter called
cors filter called
localeeeeeeee
API key filter called
http://localhost/api/v2/board/file/1
API key filter - ipAddress: 127.0.0.1
API key filter - continue filterChain
JWT token filter called
2022-12-11 14:50:39.418  INFO 52453 --- [    Test worker] j.LocalContainerEntityManagerFactoryBean : Closing JPA EntityManagerFactory for persistence unit 'default'
2022-12-11 14:50:39.418  INFO 52453 --- [    Test worker] .SchemaDropperImpl$DelayedDropActionImpl : HHH000477: Starting delayed evictData of schema as part of SessionFactory shut-down'
]]></system-out>
  <system-err><![CDATA[]]></system-err>
</testsuite>
